1543
1 3000 3 15 86
1 3000 3 105 87
1 3000 4 15 92
1 3000 4 30 93
1 3000 4 75 94
1 3000 4 225 95
1 3000 9 15 107
1 3000 9 1275 108
1 3000 9 1590 109
1 3000 15 15 131
1 3000 15 105 132
1 3000 15 195 133
1 3000 15 285 134
1 3000 15 375 135
1 3000 15 465 136
1 3000 15 570 137
1 3000 15 690 138
1 3000 24 2865 139
1 3000 24 2895 140
1 3000 24 2925 141
1 3000 30 2175 142
1 3000 30 2205 143
1 3000 30 2235 144
1 3000 30 2265 145
1 3000 30 2325 146
1 3000 30 2355 147
1 3000 30 2385 148
1 3000 30 2415 149
1 3000 30 2460 150
1 3000 30 2490 151
1 3000 30 2520 152
1 3000 30 2550 153
1 3000 30 2595 154
1 3000 30 2625 155
1 3000 30 2670 156
1 3000 41 15 168
1 3000 41 30 169
1 3000 41 60 170
1 3000 41 90 171
1 3000 41 105 172
1 3000 41 135 173
1 3000 41 165 174
1 3000 41 195 175
1 3000 41 225 176
1 3000 41 255 177
1 3000 41 285 178
1 3000 41 315 179
1 3000 41 375 180
1 3000 41 405 181
1 3000 41 435 182
1 3000 41 480 183
1 3000 83 855 184
1 3000 83 885 185
1 3000 83 915 186
1 3000 83 945 187
1 3000 83 990 188
1 3000 83 1020 189
1 3000 83 1050 190
1 3000 83 1110 191
1 6000 56 2820 192
1 6000 56 2850 193
1 6000 56 2880 194
1 6000 56 2910 195
1 6000 56 2940 196
1 6000 56 2970 197
1 6000 56 3000 198
1 6000 56 3030 199
1 6000 56 3060 200
1 6000 222 4230 201
1 6000 222 4260 202
1 6000 222 4290 203
1 6000 222 4320 204
1 6000 222 4380 205
1 6000 222 4410 206
1 6000 222 4440 207
1 6000 222 4470 208
1 6000 222 4500 209
1 6000 222 4560 210
1 6000 222 4590 211
1 6000 222 4620 212
1 6000 222 4650 213
1 6000 222 4680 214
1 6000 222 4710 215
1 6000 222 4740 216
1 6000 222 4770 217
1 6000 222 4800 218
1 6000 222 4860 219
1 6000 222 4890 220
1 6000 222 4920 221
1 6000 222 4950 222
1 6000 222 5010 223
1 6000 222 5040 224
1 6000 222 5070 225
1 6000 222 5100 226
1 6000 222 5130 227
1 6000 222 5190 228
1 6000 222 5220 229
1 6000 222 5250 230
1 6000 514 4350 231
1 6000 514 4380 232
1 6000 514 4440 233
1 6000 514 4470 234
1 6000 623 2760 235
1 6000 623 2790 236
1 6000 623 2820 237
1 6000 623 2850 238
1 6000 623 2880 239
1 6000 623 2910 241
1 6000 623 2940 242
1 6000 623 2970 243
1 6000 623 3000 244
1 6000 623 3030 246
1 6000 623 3060 247
1 6000 623 3090 248
1 6000 623 3120 249
1 6000 623 3150 250
1 6000 623 3180 252
1 6000 623 3210 253
1 6000 623 3240 254
1 6000 623 3270 255
1 6000 623 3300 256
1 6000 623 3330 257
1 6000 623 3360 259
1 6000 623 3390 260
1 6000 623 3420 261
1 6000 623 3450 262
1 6000 623 3480 263
1 6000 623 3510 264
2320
2311
3 6000 3077 5220 265
3 6000 3077 5250 266
3 6000 3077 5310 267
2323
4 6000 4598 4170 268
4 6000 4598 4200 269
4 6000 4598 4230 270
