1-3000-1-15
0.0
1.28472900390625,0.581948889904994,0.0700256,0.9303563991194145,347.0070350385905,6.5991036728405845
1-3000-1-30
0.0005617864154696289
1.28472900390625,0.581948889904994,0.0700256,0.9303563991194145,347.0070350385905,6.5991036728405845
1-3000-1-45
0.002541724026892578
1.28472900390625,0.581948889904994,0.0700256,0.9303563991194145,347.0070350385905,6.5991036728405845
1-3000-1-60
0.007110125935800071
1.28472900390625,0.581948889904994,0.0700256,0.9303563991194145,347.0070350385905,6.5991036728405845
1-3000-1-75
0.014365093804664532
1.28472900390625,0.581948889904994,0.0700256,0.9303563991194145,347.0070350385905,6.5991036728405845
1-3000-1-90
0.02322306594911122
1.28472900390625,0.581948889904994,0.0700256,0.9303563991194145,347.0070350385905,6.5991036728405845
1-3000-1-105
0.02877349532691956
1.28472900390625,0.581948889904994,0.0700256,0.9303563991194145,347.0070350385905,6.5991036728405845
1-3000-1-120
0.033320650550335056
1.28472900390625,0.581948889904994,0.0700256,0.9303563991194145,347.0070350385905,6.5991036728405845
1-3000-1-135
0.038027130194964245
1.28472900390625,0.581948889904994,0.0700256,0.9303563991194145,347.0070350385905,6.5991036728405845
1-3000-1-150
0.041302913825970775
1.28472900390625,0.581948889904994,0.0700256,0.9303563991194145,347.0070350385905,6.5991036728405845
1-3000-1-165
0.04555897040644638
1.28472900390625,0.581948889904994,0.0700256,0.9303563991194145,347.0070350385905,6.5991036728405845
1-3000-1-180
0.049619211559608314
1.28472900390625,0.581948889904994,0.0700256,0.9303563991194145,347.0070350385905,6.5991036728405845
1-3000-1-195
0.05258661711478115
1.28472900390625,0.581948889904994,0.0700256,0.9303563991194145,347.0070350385905,6.5991036728405845
1-3000-1-210
0.05623449845951282
1.28472900390625,0.581948889904994,0.0700256,0.9303563991194145,347.0070350385905,6.5991036728405845
1-3000-1-2820
0.053345278261299534
1.28472900390625,0.581948889904994,0.0700256,0.9303563991194145,347.0070350385905,6.5991036728405845
1-3000-1-2835
0.047011132233546325
1.28472900390625,0.581948889904994,0.0700256,0.9303563991194145,347.0070350385905,6.5991036728405845
1-3000-1-2850
0.04091042289279444
1.28472900390625,0.581948889904994,0.0700256,0.9303563991194145,347.0070350385905,6.5991036728405845
1-3000-1-2865
0.03507075444719923
1.28472900390625,0.581948889904994,0.0700256,0.9303563991194145,347.0070350385905,6.5991036728405845
1-3000-1-2880
0.029525947191546373
1.28472900390625,0.581948889904994,0.0700256,0.9303563991194145,347.0070350385905,6.5991036728405845
1-3000-1-2895
0.024302358991684127
1.28472900390625,0.581948889904994,0.0700256,0.9303563991194145,347.0070350385905,6.5991036728405845
1-3000-1-2910
0.01943514971673358
1.28472900390625,0.581948889904994,0.0700256,0.9303563991194145,347.0070350385905,6.5991036728405845
1-3000-1-2925
0.014954731545117707
1.28472900390625,0.581948889904994,0.0700256,0.9303563991194145,347.0070350385905,6.5991036728405845
1-3000-1-2940
0.01091790179403634
1.28472900390625,0.581948889904994,0.0700256,0.9303563991194145,347.0070350385905,6.5991036728405845
1-3000-1-2955
0.007353954643264313
1.28472900390625,0.581948889904994,0.0700256,0.9303563991194145,347.0070350385905,6.5991036728405845
1-3000-1-2970
0.004323555019693172
1.28472900390625,0.581948889904994,0.0700256,0.9303563991194145,347.0070350385905,6.5991036728405845
1-3000-1-2985
0.0018648666079313782
1.28472900390625,0.581948889904994,0.0700256,0.9303563991194145,347.0070350385905,6.5991036728405845
1-3000-1-3000
0.00048154282616793127
1.28472900390625,0.581948889904994,0.0700256,0.9303563991194145,347.0070350385905,6.5991036728405845
1-3000-63-315
0.059862040973508446
1.41363525390625,0.5243357211807143,0.09210560000000001,0.912863687749152,349.0806638890785,7.451174678757745
1-3000-63-330
0.059205373631787316
1.41363525390625,0.5243357211807143,0.09210560000000001,0.912863687749152,349.0806638890785,7.451174678757745
1-3000-63-345
0.05872696790418254
1.41363525390625,0.5243357211807143,0.09210560000000001,0.912863687749152,349.0806638890785,7.451174678757745
1-3000-63-360
0.05824946467394236
1.41363525390625,0.5243357211807143,0.09210560000000001,0.912863687749152,349.0806638890785,7.451174678757745
1-3000-63-375
0.05791640520019163
1.41363525390625,0.5243357211807143,0.09210560000000001,0.912863687749152,349.0806638890785,7.451174678757745
1-3000-63-390
0.057741601778973826
1.41363525390625,0.5243357211807143,0.09210560000000001,0.912863687749152,349.0806638890785,7.451174678757745
1-3000-63-405
0.0577473031489347
1.41363525390625,0.5243357211807143,0.09210560000000001,0.912863687749152,349.0806638890785,7.451174678757745
1-3000-63-420
0.057968302586190235
1.41363525390625,0.5243357211807143,0.09210560000000001,0.912863687749152,349.0806638890785,7.451174678757745
1-3000-63-435
0.0584764612621192
1.41363525390625,0.5243357211807143,0.09210560000000001,0.912863687749152,349.0806638890785,7.451174678757745
1-3000-63-450
0.059427205473575474
1.41363525390625,0.5243357211807143,0.09210560000000001,0.912863687749152,349.0806638890785,7.451174678757745
1-3000-229-240
0.057979068670168915
1.39288330078125,0.725524564344866,0.09274560000000001,0.99616231332183,418.201625572024,6.34421063688246
1-3000-229-255
0.05426345448376957
1.39288330078125,0.725524564344866,0.09274560000000001,0.99616231332183,418.201625572024,6.34421063688246
1-3000-229-270
0.05087040177875818
1.39288330078125,0.725524564344866,0.09274560000000001,0.99616231332183,418.201625572024,6.34421063688246
1-3000-229-285
0.0478120725365906
1.39288330078125,0.725524564344866,0.09274560000000001,0.99616231332183,418.201625572024,6.34421063688246
1-3000-229-300
0.045110018858249196
1.39288330078125,0.725524564344866,0.09274560000000001,0.99616231332183,418.201625572024,6.34421063688246
1-3000-229-315
0.04277562143635323
1.39288330078125,0.725524564344866,0.09274560000000001,0.99616231332183,418.201625572024,6.34421063688246
1-3000-229-330
0.040828209393149434
1.39288330078125,0.725524564344866,0.09274560000000001,0.99616231332183,418.201625572024,6.34421063688246
1-3000-229-345
0.0392827086317297
1.39288330078125,0.725524564344866,0.09274560000000001,0.99616231332183,418.201625572024,6.34421063688246
1-3000-229-360
0.03815244830853757
1.39288330078125,0.725524564344866,0.09274560000000001,0.99616231332183,418.201625572024,6.34421063688246
1-3000-229-375
0.03745718206893928
1.39288330078125,0.725524564344866,0.09274560000000001,0.99616231332183,418.201625572024,6.34421063688246
1-3000-229-390
0.03721645628833213
1.39288330078125,0.725524564344866,0.09274560000000001,0.99616231332183,418.201625572024,6.34421063688246
1-3000-229-405
0.037442344803720676
1.39288330078125,0.725524564344866,0.09274560000000001,0.99616231332183,418.201625572024,6.34421063688246
1-3000-229-420
0.03816115624229502
1.39288330078125,0.725524564344866,0.09274560000000001,0.99616231332183,418.201625572024,6.34421063688246
1-3000-229-435
0.039396415478032604
1.39288330078125,0.725524564344866,0.09274560000000001,0.99616231332183,418.201625572024,6.34421063688246
1-3000-229-450
0.041174996253289506
1.39288330078125,0.725524564344866,0.09274560000000001,0.99616231332183,418.201625572024,6.34421063688246
1-3000-229-465
0.04352868470686927
1.39288330078125,0.725524564344866,0.09274560000000001,0.99616231332183,418.201625572024,6.34421063688246
1-3000-229-480
0.046500071200057974
1.39288330078125,0.725524564344866,0.09274560000000001,0.99616231332183,418.201625572024,6.34421063688246
1-3000-229-495
0.05015808915864792
1.39288330078125,0.725524564344866,0.09274560000000001,0.99616231332183,418.201625572024,6.34421063688246
1-3000-229-510
0.05463691277235706
1.39288330078125,0.725524564344866,0.09274560000000001,0.99616231332183,418.201625572024,6.34421063688246
1-3000-360-375
0.05948613465396953
1.36065673828125,0.6953462378702435,0.0549216,0.688790384958648,443.273683491565,7.45845733692798
1-3000-360-390
0.056607104059934285
1.36065673828125,0.6953462378702435,0.0549216,0.688790384958648,443.273683491565,7.45845733692798
1-3000-360-405
0.05416088908049854
1.36065673828125,0.6953462378702435,0.0549216,0.688790384958648,443.273683491565,7.45845733692798
1-3000-360-420
0.052134059241197815
1.36065673828125,0.6953462378702435,0.0549216,0.688790384958648,443.273683491565,7.45845733692798
1-3000-360-435
0.05052776414199849
1.36065673828125,0.6953462378702435,0.0549216,0.688790384958648,443.273683491565,7.45845733692798
1-3000-360-450
0.049358580310518776
1.36065673828125,0.6953462378702435,0.0549216,0.688790384958648,443.273683491565,7.45845733692798
1-3000-360-465
0.04866651870601577
1.36065673828125,0.6953462378702435,0.0549216,0.688790384958648,443.273683491565,7.45845733692798
1-3000-360-480
0.048481577613070426
1.36065673828125,0.6953462378702435,0.0549216,0.688790384958648,443.273683491565,7.45845733692798
1-3000-360-495
0.04886022961210183
1.36065673828125,0.6953462378702435,0.0549216,0.688790384958648,443.273683491565,7.45845733692798
1-3000-360-510
0.04989801584454602
1.36065673828125,0.6953462378702435,0.0549216,0.688790384958648,443.273683491565,7.45845733692798
1-3000-360-525
0.05175217858436643
1.36065673828125,0.6953462378702435,0.0549216,0.688790384958648,443.273683491565,7.45845733692798
1-3000-360-540
0.05510681200610493
1.36065673828125,0.6953462378702435,0.0549216,0.688790384958648,443.273683491565,7.45845733692798
1-3000-360-555
0.05875003743476021
1.36065673828125,0.6953462378702435,0.0549216,0.688790384958648,443.273683491565,7.45845733692798
1-6000-385-1020
0.05889493663829795
1.96697998046875,0.5897983031042016,0.0825728,0.6346760278455406,305.3930742435625,6.43902524421414
1-6000-385-1050
0.05769981279589033
1.96697998046875,0.5897983031042016,0.0825728,0.6346760278455406,305.3930742435625,6.43902524421414
1-6000-385-1080
0.05659991083222853
1.96697998046875,0.5897983031042016,0.0825728,0.6346760278455406,305.3930742435625,6.43902524421414
1-6000-385-1110
0.05559782617481132
1.96697998046875,0.5897983031042016,0.0825728,0.6346760278455406,305.3930742435625,6.43902524421414
1-6000-385-1140
0.054697691837152757
1.96697998046875,0.5897983031042016,0.0825728,0.6346760278455406,305.3930742435625,6.43902524421414
1-6000-385-1170
0.05390168962482102
1.96697998046875,0.5897983031042016,0.0825728,0.6346760278455406,305.3930742435625,6.43902524421414
1-6000-385-1200
0.053214214794928515
1.96697998046875,0.5897983031042016,0.0825728,0.6346760278455406,305.3930742435625,6.43902524421414
1-6000-385-1230
0.0526391629949764
1.96697998046875,0.5897983031042016,0.0825728,0.6346760278455406,305.3930742435625,6.43902524421414
1-6000-385-1260
0.05218340849838611
1.96697998046875,0.5897983031042016,0.0825728,0.6346760278455406,305.3930742435625,6.43902524421414
1-6000-385-1290
0.051861836058162976
1.96697998046875,0.5897983031042016,0.0825728,0.6346760278455406,305.3930742435625,6.43902524421414
1-6000-385-1320
0.0516826918290119
1.96697998046875,0.5897983031042016,0.0825728,0.6346760278455406,305.3930742435625,6.43902524421414
1-6000-385-1350
0.05167020856848049
1.96697998046875,0.5897983031042016,0.0825728,0.6346760278455406,305.3930742435625,6.43902524421414
1-6000-385-1380
0.05183956765390642
1.96697998046875,0.5897983031042016,0.0825728,0.6346760278455406,305.3930742435625,6.43902524421414
1-6000-385-1410
0.05228227659427373
1.96697998046875,0.5897983031042016,0.0825728,0.6346760278455406,305.3930742435625,6.43902524421414
1-6000-385-1440
0.05328127784172448
1.96697998046875,0.5897983031042016,0.0825728,0.6346760278455406,305.3930742435625,6.43902524421414
1-6000-385-1470
0.05489773650807033
1.96697998046875,0.5897983031042016,0.0825728,0.6346760278455406,305.3930742435625,6.43902524421414
1-6000-385-1500
0.0549976403551059
1.96697998046875,0.5897983031042016,0.0825728,0.6346760278455406,305.3930742435625,6.43902524421414
1-6000-385-1530
0.055187901873121115
1.96697998046875,0.5897983031042016,0.0825728,0.6346760278455406,305.3930742435625,6.43902524421414
1-6000-385-1560
0.05546858126227006
1.96697998046875,0.5897983031042016,0.0825728,0.6346760278455406,305.3930742435625,6.43902524421414
1-6000-385-1590
0.05583942162519062
1.96697998046875,0.5897983031042016,0.0825728,0.6346760278455406,305.3930742435625,6.43902524421414
1-6000-385-1620
0.056301887939711345
1.96697998046875,0.5897983031042016,0.0825728,0.6346760278455406,305.3930742435625,6.43902524421414
1-6000-385-1650
0.05685410871900036
1.96697998046875,0.5897983031042016,0.0825728,0.6346760278455406,305.3930742435625,6.43902524421414
1-6000-385-1680
0.05750020252095098
1.96697998046875,0.5897983031042016,0.0825728,0.6346760278455406,305.3930742435625,6.43902524421414
1-6000-385-1710
0.05823577783358463
1.96697998046875,0.5897983031042016,0.0825728,0.6346760278455406,305.3930742435625,6.43902524421414
1-6000-385-1740
0.05906577048354948
1.96697998046875,0.5897983031042016,0.0825728,0.6346760278455406,305.3930742435625,6.43902524421414
1-6000-385-1770
0.059988041690399896
1.96697998046875,0.5897983031042016,0.0825728,0.6346760278455406,305.3930742435625,6.43902524421414
1-6000-684-4500
0.05994522332760947
1.43890380859375,0.5814408372707415,0.0759008,0.5951389302076515,308.19075944887,6.22432687931095
1-6000-684-4530
0.05922223504848622
1.43890380859375,0.5814408372707415,0.0759008,0.5951389302076515,308.19075944887,6.22432687931095
1-6000-684-4560
0.058553515824893806
1.43890380859375,0.5814408372707415,0.0759008,0.5951389302076515,308.19075944887,6.22432687931095
1-6000-684-4590
0.057941932138748264
1.43890380859375,0.5814408372707415,0.0759008,0.5951389302076515,308.19075944887,6.22432687931095
1-6000-684-4620
0.05738725888902518
1.43890380859375,0.5814408372707415,0.0759008,0.5951389302076515,308.19075944887,6.22432687931095
1-6000-684-4650
0.05689865524311259
1.43890380859375,0.5814408372707415,0.0759008,0.5951389302076515,308.19075944887,6.22432687931095
1-6000-684-4680
0.05647364018831669
1.43890380859375,0.5814408372707415,0.0759008,0.5951389302076515,308.19075944887,6.22432687931095
1-6000-684-4710
0.0561315667429545
1.43890380859375,0.5814408372707415,0.0759008,0.5951389302076515,308.19075944887,6.22432687931095
1-6000-684-4740
0.055873857675529534
1.43890380859375,0.5814408372707415,0.0759008,0.5951389302076515,308.19075944887,6.22432687931095
1-6000-684-4770
0.05573606988674831
1.43890380859375,0.5814408372707415,0.0759008,0.5951389302076515,308.19075944887,6.22432687931095
1-6000-684-4800
0.05584272528092233
1.43890380859375,0.5814408372707415,0.0759008,0.5951389302076515,308.19075944887,6.22432687931095
1-6000-684-4830
0.056153220141727245
1.43890380859375,0.5814408372707415,0.0759008,0.5951389302076515,308.19075944887,6.22432687931095
1-6000-684-4860
0.056004896180491245
1.43890380859375,0.5814408372707415,0.0759008,0.5951389302076515,308.19075944887,6.22432687931095
1-6000-684-4890
0.055953565851825225
1.43890380859375,0.5814408372707415,0.0759008,0.5951389302076515,308.19075944887,6.22432687931095
1-6000-684-4920
0.05609905800770427
1.43890380859375,0.5814408372707415,0.0759008,0.5951389302076515,308.19075944887,6.22432687931095
1-6000-684-4950
0.05629278147336403
1.43890380859375,0.5814408372707415,0.0759008,0.5951389302076515,308.19075944887,6.22432687931095
1-6000-684-4980
0.056182896634937404
1.43890380859375,0.5814408372707415,0.0759008,0.5951389302076515,308.19075944887,6.22432687931095
1-6000-684-5010
0.0561231038805635
1.43890380859375,0.5814408372707415,0.0759008,0.5951389302076515,308.19075944887,6.22432687931095
1-6000-684-5040
0.0561128573628427
1.43890380859375,0.5814408372707415,0.0759008,0.5951389302076515,308.19075944887,6.22432687931095
1-6000-684-5070
0.056152374149709784
1.43890380859375,0.5814408372707415,0.0759008,0.5951389302076515,308.19075944887,6.22432687931095
1-6000-684-5100
0.056242302538967476
1.43890380859375,0.5814408372707415,0.0759008,0.5951389302076515,308.19075944887,6.22432687931095
1-6000-684-5130
0.056382665852044184
1.43890380859375,0.5814408372707415,0.0759008,0.5951389302076515,308.19075944887,6.22432687931095
1-6000-684-5160
0.05657233673698642
1.43890380859375,0.5814408372707415,0.0759008,0.5951389302076515,308.19075944887,6.22432687931095
1-6000-684-5190
0.05681265845919227
1.43890380859375,0.5814408372707415,0.0759008,0.5951389302076515,308.19075944887,6.22432687931095
1-6000-684-5220
0.05710278313271071
1.43890380859375,0.5814408372707415,0.0759008,0.5951389302076515,308.19075944887,6.22432687931095
1-6000-684-5250
0.05744332227460951
1.43890380859375,0.5814408372707415,0.0759008,0.5951389302076515,308.19075944887,6.22432687931095
1-6000-684-5280
0.057833588625829324
1.43890380859375,0.5814408372707415,0.0759008,0.5951389302076515,308.19075944887,6.22432687931095
1-6000-684-5310
0.05827551578094885
1.43890380859375,0.5814408372707415,0.0759008,0.5951389302076515,308.19075944887,6.22432687931095
1-6000-684-5340
0.05876529679521441
1.43890380859375,0.5814408372707415,0.0759008,0.5951389302076515,308.19075944887,6.22432687931095
1-6000-684-5370
0.059304358526445444
1.43890380859375,0.5814408372707415,0.0759008,0.5951389302076515,308.19075944887,6.22432687931095
1-6000-684-5400
0.05990080203418356
1.43890380859375,0.5814408372707415,0.0759008,0.5951389302076515,308.19075944887,6.22432687931095
1-6000-771-360
0.05997031817655398
1.09857177734375,0.9178224864095921,0.0743968,0.5430772892247278,316.8308796592385,6.160743671440075
1-6000-771-390
0.05932294849638125
1.09857177734375,0.9178224864095921,0.0743968,0.5430772892247278,316.8308796592385,6.160743671440075
1-6000-771-420
0.05872202727465521
1.09857177734375,0.9178224864095921,0.0743968,0.5430772892247278,316.8308796592385,6.160743671440075
1-6000-771-450
0.05816874071480209
1.09857177734375,0.9178224864095921,0.0743968,0.5430772892247278,316.8308796592385,6.160743671440075
1-6000-771-480
0.05767951367475057
1.09857177734375,0.9178224864095921,0.0743968,0.5430772892247278,316.8308796592385,6.160743671440075
1-6000-771-510
0.057246861459315936
1.09857177734375,0.9178224864095921,0.0743968,0.5430772892247278,316.8308796592385,6.160743671440075
1-6000-771-540
0.05686799996450888
1.09857177734375,0.9178224864095921,0.0743968,0.5430772892247278,316.8308796592385,6.160743671440075
1-6000-771-570
0.05655974220363042
1.09857177734375,0.9178224864095921,0.0743968,0.5430772892247278,316.8308796592385,6.160743671440075
1-6000-771-600
0.056337508528358754
1.09857177734375,0.9178224864095921,0.0743968,0.5430772892247278,316.8308796592385,6.160743671440075
1-6000-771-630
0.05621184096633468
1.09857177734375,0.9178224864095921,0.0743968,0.5430772892247278,316.8308796592385,6.160743671440075
1-6000-771-660
0.05621682865425526
1.09857177734375,0.9178224864095921,0.0743968,0.5430772892247278,316.8308796592385,6.160743671440075
1-6000-771-690
0.056872195329353066
1.09857177734375,0.9178224864095921,0.0743968,0.5430772892247278,316.8308796592385,6.160743671440075
1-6000-771-720
0.05667696683837694
1.09857177734375,0.9178224864095921,0.0743968,0.5430772892247278,316.8308796592385,6.160743671440075
1-6000-771-750
0.05653507609134683
1.09857177734375,0.9178224864095921,0.0743968,0.5430772892247278,316.8308796592385,6.160743671440075
1-6000-771-780
0.056465260584643934
1.09857177734375,0.9178224864095921,0.0743968,0.5430772892247278,316.8308796592385,6.160743671440075
1-6000-771-810
0.05646571247974504
1.09857177734375,0.9178224864095921,0.0743968,0.5430772892247278,316.8308796592385,6.160743671440075
1-6000-771-840
0.056558280538698734
1.09857177734375,0.9178224864095921,0.0743968,0.5430772892247278,316.8308796592385,6.160743671440075
1-6000-771-870
0.05683739952502094
1.09857177734375,0.9178224864095921,0.0743968,0.5430772892247278,316.8308796592385,6.160743671440075
1-6000-771-900
0.057371882070502145
1.09857177734375,0.9178224864095921,0.0743968,0.5430772892247278,316.8308796592385,6.160743671440075
1-6000-771-930
0.057340498925921184
1.09857177734375,0.9178224864095921,0.0743968,0.5430772892247278,316.8308796592385,6.160743671440075
1-6000-771-960
0.05735529242576429
1.09857177734375,0.9178224864095921,0.0743968,0.5430772892247278,316.8308796592385,6.160743671440075
1-6000-771-990
0.057415988024919755
1.09857177734375,0.9178224864095921,0.0743968,0.5430772892247278,316.8308796592385,6.160743671440075
1-6000-771-1020
0.0575243185544565
1.09857177734375,0.9178224864095921,0.0743968,0.5430772892247278,316.8308796592385,6.160743671440075
1-6000-771-1050
0.05768229036792779
1.09857177734375,0.9178224864095921,0.0743968,0.5430772892247278,316.8308796592385,6.160743671440075
1-6000-771-1080
0.057889194724563345
1.09857177734375,0.9178224864095921,0.0743968,0.5430772892247278,316.8308796592385,6.160743671440075
1-6000-771-1110
0.0581487910173388
1.09857177734375,0.9178224864095921,0.0743968,0.5430772892247278,316.8308796592385,6.160743671440075
1-6000-771-1140
0.05846266697785982
1.09857177734375,0.9178224864095921,0.0743968,0.5430772892247278,316.8308796592385,6.160743671440075
1-6000-771-1170
0.05882886982458233
1.09857177734375,0.9178224864095921,0.0743968,0.5430772892247278,316.8308796592385,6.160743671440075
1-6000-771-1200
0.059258895597920414
1.09857177734375,0.9178224864095921,0.0743968,0.5430772892247278,316.8308796592385,6.160743671440075
1-6000-771-1230
0.05974769871915868
1.09857177734375,0.9178224864095921,0.0743968,0.5430772892247278,316.8308796592385,6.160743671440075
2-3000-2041-15
0.05891796887395465
1.08673095703125,0.6778184219885179,0.0876576,0.5026179568037128,394.54340550508846,6.921501347992015
2-3000-2041-30
0.058509778440559934
1.08673095703125,0.6778184219885179,0.0876576,0.5026179568037128,394.54340550508846,6.921501347992015
2-3000-2041-45
0.05820180646560366
1.08673095703125,0.6778184219885179,0.0876576,0.5026179568037128,394.54340550508846,6.921501347992015
2-3000-2041-60
0.05801440720940918
1.08673095703125,0.6778184219885179,0.0876576,0.5026179568037128,394.54340550508846,6.921501347992015
2-3000-2041-75
0.05795820114247839
1.08673095703125,0.6778184219885179,0.0876576,0.5026179568037128,394.54340550508846,6.921501347992015
2-3000-2041-90
0.0580900791480022
1.08673095703125,0.6778184219885179,0.0876576,0.5026179568037128,394.54340550508846,6.921501347992015
2-3000-2041-105
0.05852532621464902
1.08673095703125,0.6778184219885179,0.0876576,0.5026179568037128,394.54340550508846,6.921501347992015
2-3000-2041-120
0.05936428855696496
1.08673095703125,0.6778184219885179,0.0876576,0.5026179568037128,394.54340550508846,6.921501347992015
2-3000-2041-135
0.059582248859323554
1.08673095703125,0.6778184219885179,0.0876576,0.5026179568037128,394.54340550508846,6.921501347992015
2-3000-2041-150
0.05995508836308039
1.08673095703125,0.6778184219885179,0.0876576,0.5026179568037128,394.54340550508846,6.921501347992015
2-3000-2041-3000
0.05941944278866971
1.08673095703125,0.6778184219885179,0.0876576,0.5026179568037128,394.54340550508846,6.921501347992015
2-6000-1611-1440
0.05989320552212616
1.92120361328125,0.5440735660214397,0.08956159999999999,0.6510977568870115,348.7507683901375,6.351633346171355
2-6000-1611-1470
0.05675073429648418
1.92120361328125,0.5440735660214397,0.08956159999999999,0.6510977568870115,348.7507683901375,6.351633346171355
2-6000-1611-1500
0.055389018506989615
1.92120361328125,0.5440735660214397,0.08956159999999999,0.6510977568870115,348.7507683901375,6.351633346171355
2-6000-1611-1530
0.05447961032315456
1.92120361328125,0.5440735660214397,0.08956159999999999,0.6510977568870115,348.7507683901375,6.351633346171355
2-6000-1611-1560
0.05369184496210931
1.92120361328125,0.5440735660214397,0.08956159999999999,0.6510977568870115,348.7507683901375,6.351633346171355
2-6000-1611-1590
0.05343816003378765
1.92120361328125,0.5440735660214397,0.08956159999999999,0.6510977568870115,348.7507683901375,6.351633346171355
2-6000-1611-1620
0.053435261860849584
1.92120361328125,0.5440735660214397,0.08956159999999999,0.6510977568870115,348.7507683901375,6.351633346171355
2-6000-1611-1650
0.05363266254993497
1.92120361328125,0.5440735660214397,0.08956159999999999,0.6510977568870115,348.7507683901375,6.351633346171355
2-6000-1611-1680
0.05401596321068328
1.92120361328125,0.5440735660214397,0.08956159999999999,0.6510977568870115,348.7507683901375,6.351633346171355
2-6000-1611-1710
0.05458296518106529
1.92120361328125,0.5440735660214397,0.08956159999999999,0.6510977568870115,348.7507683901375,6.351633346171355
2-6000-1611-1740
0.05533152458270538
1.92120361328125,0.5440735660214397,0.08956159999999999,0.6510977568870115,348.7507683901375,6.351633346171355
2-6000-1611-1770
0.05626111586305854
1.92120361328125,0.5440735660214397,0.08956159999999999,0.6510977568870115,348.7507683901375,6.351633346171355
2-6000-1611-1800
0.05737925439532904
1.92120361328125,0.5440735660214397,0.08956159999999999,0.6510977568870115,348.7507683901375,6.351633346171355
2-6000-1611-1830
0.05868226723504172
1.92120361328125,0.5440735660214397,0.08956159999999999,0.6510977568870115,348.7507683901375,6.351633346171355
2-6000-2053-240
0.05904870008212257
1.04266357421875,0.5873850530915006,0.054684800000000006,0.9926518712441246,334.093982651458,6.16970694303421
2-6000-2053-270
0.05796978086619356
1.04266357421875,0.5873850530915006,0.054684800000000006,0.9926518712441246,334.093982651458,6.16970694303421
2-6000-2053-300
0.05691752688144537
1.04266357421875,0.5873850530915006,0.054684800000000006,0.9926518712441246,334.093982651458,6.16970694303421
2-6000-2053-330
0.05589326802856113
1.04266357421875,0.5873850530915006,0.054684800000000006,0.9926518712441246,334.093982651458,6.16970694303421
2-6000-2053-360
0.054898272739480065
1.04266357421875,0.5873850530915006,0.054684800000000006,0.9926518712441246,334.093982651458,6.16970694303421
2-6000-2053-390
0.05393343198790471
1.04266357421875,0.5873850530915006,0.054684800000000006,0.9926518712441246,334.093982651458,6.16970694303421
2-6000-2053-420
0.05300004849246999
1.04266357421875,0.5873850530915006,0.054684800000000006,0.9926518712441246,334.093982651458,6.16970694303421
2-6000-2053-450
0.05209930167180306
1.04266357421875,0.5873850530915006,0.054684800000000006,0.9926518712441246,334.093982651458,6.16970694303421
2-6000-2053-480
0.05123283317654614
1.04266357421875,0.5873850530915006,0.054684800000000006,0.9926518712441246,334.093982651458,6.16970694303421
2-6000-2053-510
0.05040139756415661
1.04266357421875,0.5873850530915006,0.054684800000000006,0.9926518712441246,334.093982651458,6.16970694303421
2-6000-2053-540
0.04960613071384938
1.04266357421875,0.5873850530915006,0.054684800000000006,0.9926518712441246,334.093982651458,6.16970694303421
2-6000-2053-570
0.048848308196108456
1.04266357421875,0.5873850530915006,0.054684800000000006,0.9926518712441246,334.093982651458,6.16970694303421
2-6000-2053-600
0.0481291589273695
1.04266357421875,0.5873850530915006,0.054684800000000006,0.9926518712441246,334.093982651458,6.16970694303421
2-6000-2053-630
0.04744937805627132
1.04266357421875,0.5873850530915006,0.054684800000000006,0.9926518712441246,334.093982651458,6.16970694303421
2-6000-2053-660
0.04681021928539082
1.04266357421875,0.5873850530915006,0.054684800000000006,0.9926518712441246,334.093982651458,6.16970694303421
2-6000-2053-690
0.04621238019113097
1.04266357421875,0.5873850530915006,0.054684800000000006,0.9926518712441246,334.093982651458,6.16970694303421
2-6000-2053-720
0.04565683196856324
1.04266357421875,0.5873850530915006,0.054684800000000006,0.9926518712441246,334.093982651458,6.16970694303421
2-6000-2053-750
0.04514576457852752
1.04266357421875,0.5873850530915006,0.054684800000000006,0.9926518712441246,334.093982651458,6.16970694303421
2-6000-2053-780
0.04467876694397892
1.04266357421875,0.5873850530915006,0.054684800000000006,0.9926518712441246,334.093982651458,6.16970694303421
2-6000-2053-810
0.04425711425181265
1.04266357421875,0.5873850530915006,0.054684800000000006,0.9926518712441246,334.093982651458,6.16970694303421
2-6000-2053-840
0.04388106790055498
1.04266357421875,0.5873850530915006,0.054684800000000006,0.9926518712441246,334.093982651458,6.16970694303421
2-6000-2053-870
0.043553361999649154
1.04266357421875,0.5873850530915006,0.054684800000000006,0.9926518712441246,334.093982651458,6.16970694303421
2-6000-2053-900
0.043273573610277685
1.04266357421875,0.5873850530915006,0.054684800000000006,0.9926518712441246,334.093982651458,6.16970694303421
2-6000-2053-930
0.0430426122180837
1.04266357421875,0.5873850530915006,0.054684800000000006,0.9926518712441246,334.093982651458,6.16970694303421
2-6000-2053-960
0.042861543704328015
1.04266357421875,0.5873850530915006,0.054684800000000006,0.9926518712441246,334.093982651458,6.16970694303421
2-6000-2053-990
0.04273294291562917
1.04266357421875,0.5873850530915006,0.054684800000000006,0.9926518712441246,334.093982651458,6.16970694303421
2-6000-2053-1020
0.0426559746448439
1.04266357421875,0.5873850530915006,0.054684800000000006,0.9926518712441246,334.093982651458,6.16970694303421
2-6000-2053-1050
0.04263234021339113
1.04266357421875,0.5873850530915006,0.054684800000000006,0.9926518712441246,334.093982651458,6.16970694303421
2-6000-2053-1080
0.04266483589891687
1.04266357421875,0.5873850530915006,0.054684800000000006,0.9926518712441246,334.093982651458,6.16970694303421
2-6000-2053-1110
0.042752675905242676
1.04266357421875,0.5873850530915006,0.054684800000000006,0.9926518712441246,334.093982651458,6.16970694303421
2-6000-2053-1140
0.042901308236497654
1.04266357421875,0.5873850530915006,0.054684800000000006,0.9926518712441246,334.093982651458,6.16970694303421
2-6000-2053-1170
0.04310872770945325
1.04266357421875,0.5873850530915006,0.054684800000000006,0.9926518712441246,334.093982651458,6.16970694303421
2-6000-2053-1200
0.04338200642279791
1.04266357421875,0.5873850530915006,0.054684800000000006,0.9926518712441246,334.093982651458,6.16970694303421
2-6000-2053-1230
0.04372349625107478
1.04266357421875,0.5873850530915006,0.054684800000000006,0.9926518712441246,334.093982651458,6.16970694303421
2-6000-2053-1260
0.04413746897638178
1.04266357421875,0.5873850530915006,0.054684800000000006,0.9926518712441246,334.093982651458,6.16970694303421
2-6000-2053-1290
0.04463168534237375
1.04266357421875,0.5873850530915006,0.054684800000000006,0.9926518712441246,334.093982651458,6.16970694303421
2-6000-2053-1320
0.04522331073442647
1.04266357421875,0.5873850530915006,0.054684800000000006,0.9926518712441246,334.093982651458,6.16970694303421
2-6000-2053-1350
0.04592477203309164
1.04266357421875,0.5873850530915006,0.054684800000000006,0.9926518712441246,334.093982651458,6.16970694303421
2-6000-2053-1380
0.04677495358394126
1.04266357421875,0.5873850530915006,0.054684800000000006,0.9926518712441246,334.093982651458,6.16970694303421
2-6000-2053-1410
0.04788851040947401
1.04266357421875,0.5873850530915006,0.054684800000000006,0.9926518712441246,334.093982651458,6.16970694303421
2-6000-2053-1440
0.04976302406252295
1.04266357421875,0.5873850530915006,0.054684800000000006,0.9926518712441246,334.093982651458,6.16970694303421
2-6000-2053-1470
0.050431539942951076
1.04266357421875,0.5873850530915006,0.054684800000000006,0.9926518712441246,334.093982651458,6.16970694303421
2-6000-2053-1500
0.05119819840417881
1.04266357421875,0.5873850530915006,0.054684800000000006,0.9926518712441246,334.093982651458,6.16970694303421
2-6000-2053-1530
0.052128448769482374
1.04266357421875,0.5873850530915006,0.054684800000000006,0.9926518712441246,334.093982651458,6.16970694303421
2-6000-2053-1560
0.05331986040301033
1.04266357421875,0.5873850530915006,0.054684800000000006,0.9926518712441246,334.093982651458,6.16970694303421
2-6000-2053-1590
0.05394928731701868
1.04266357421875,0.5873850530915006,0.054684800000000006,0.9926518712441246,334.093982651458,6.16970694303421
2-6000-2053-1620
0.05462279349321836
1.04266357421875,0.5873850530915006,0.054684800000000006,0.9926518712441246,334.093982651458,6.16970694303421
2-6000-2053-1650
0.055339750063943295
1.04266357421875,0.5873850530915006,0.054684800000000006,0.9926518712441246,334.093982651458,6.16970694303421
2-6000-2053-1680
0.056101664818639665
1.04266357421875,0.5873850530915006,0.054684800000000006,0.9926518712441246,334.093982651458,6.16970694303421
2-6000-2053-1710
0.05690941626427136
1.04266357421875,0.5873850530915006,0.054684800000000006,0.9926518712441246,334.093982651458,6.16970694303421
2-6000-2053-1740
0.05776253089681316
1.04266357421875,0.5873850530915006,0.054684800000000006,0.9926518712441246,334.093982651458,6.16970694303421
2-6000-2053-1770
0.058662643129732225
1.04266357421875,0.5873850530915006,0.054684800000000006,0.9926518712441246,334.093982651458,6.16970694303421
2-6000-2053-1800
0.05961422996000464
1.04266357421875,0.5873850530915006,0.054684800000000006,0.9926518712441246,334.093982651458,6.16970694303421
2-9000-940-6075
0.05724474377701383
1.989044189453125,0.54935731341767,0.07817984,0.9200673188892385,299.943371975337,6.324743531388955
2-9000-940-6120
0.05241295926823421
1.989044189453125,0.54935731341767,0.07817984,0.9200673188892385,299.943371975337,6.324743531388955
2-9000-940-6165
0.04840615805538865
1.989044189453125,0.54935731341767,0.07817984,0.9200673188892385,299.943371975337,6.324743531388955
2-9000-940-6210
0.04522396587897662
1.989044189453125,0.54935731341767,0.07817984,0.9200673188892385,299.943371975337,6.324743531388955
2-9000-940-6255
0.04290413791992644
1.989044189453125,0.54935731341767,0.07817984,0.9200673188892385,299.943371975337,6.324743531388955
2-9000-940-6300
0.04143910479382044
1.989044189453125,0.54935731341767,0.07817984,0.9200673188892385,299.943371975337,6.324743531388955
2-9000-940-6345
0.04097171561242921
1.989044189453125,0.54935731341767,0.07817984,0.9200673188892385,299.943371975337,6.324743531388955
2-9000-940-6390
0.04099828591424699
1.989044189453125,0.54935731341767,0.07817984,0.9200673188892385,299.943371975337,6.324743531388955
2-9000-940-6435
0.04125028190155346
1.989044189453125,0.54935731341767,0.07817984,0.9200673188892385,299.943371975337,6.324743531388955
2-9000-940-6480
0.041465167761530336
1.989044189453125,0.54935731341767,0.07817984,0.9200673188892385,299.943371975337,6.324743531388955
2-9000-940-6525
0.041832305684209696
1.989044189453125,0.54935731341767,0.07817984,0.9200673188892385,299.943371975337,6.324743531388955
2-9000-940-6570
0.04242537792265157
1.989044189453125,0.54935731341767,0.07817984,0.9200673188892385,299.943371975337,6.324743531388955
2-9000-940-6615
0.04274718551886586
1.989044189453125,0.54935731341767,0.07817984,0.9200673188892385,299.943371975337,6.324743531388955
2-9000-940-6660
0.043542355112822104
1.989044189453125,0.54935731341767,0.07817984,0.9200673188892385,299.943371975337,6.324743531388955
2-9000-940-6705
0.044483520955448504
1.989044189453125,0.54935731341767,0.07817984,0.9200673188892385,299.943371975337,6.324743531388955
2-9000-940-6750
0.04502088237487417
1.989044189453125,0.54935731341767,0.07817984,0.9200673188892385,299.943371975337,6.324743531388955
2-9000-940-6795
0.045880580742478125
1.989044189453125,0.54935731341767,0.07817984,0.9200673188892385,299.943371975337,6.324743531388955
2-9000-940-6840
0.047225475482832305
1.989044189453125,0.54935731341767,0.07817984,0.9200673188892385,299.943371975337,6.324743531388955
2-9000-940-6885
0.04859605965449968
1.989044189453125,0.54935731341767,0.07817984,0.9200673188892385,299.943371975337,6.324743531388955
2-9000-940-6930
0.04956145462373617
1.989044189453125,0.54935731341767,0.07817984,0.9200673188892385,299.943371975337,6.324743531388955
2-9000-940-6975
0.05075692198219965
1.989044189453125,0.54935731341767,0.07817984,0.9200673188892385,299.943371975337,6.324743531388955
2-9000-940-7020
0.052254677909275314
1.989044189453125,0.54935731341767,0.07817984,0.9200673188892385,299.943371975337,6.324743531388955
2-9000-940-7065
0.05412827899400117
1.989044189453125,0.54935731341767,0.07817984,0.9200673188892385,299.943371975337,6.324743531388955
2-9000-940-7110
0.05619523189214813
1.989044189453125,0.54935731341767,0.07817984,0.9200673188892385,299.943371975337,6.324743531388955
2-9000-940-7155
0.05809670773115438
1.989044189453125,0.54935731341767,0.07817984,0.9200673188892385,299.943371975337,6.324743531388955
2-9000-940-7200
0.05987313438780782
1.989044189453125,0.54935731341767,0.07817984,0.9200673188892385,299.943371975337,6.324743531388955
2-9000-944-5805
0.059630013319210105
1.190216064453125,0.9135887144574846,0.09937984,0.892370525886323,292.5128685944204,6.159063058016175
2-9000-944-5850
0.0575772565477459
1.190216064453125,0.9135887144574846,0.09937984,0.892370525886323,292.5128685944204,6.159063058016175
2-9000-944-5895
0.05555665831903231
1.190216064453125,0.9135887144574846,0.09937984,0.892370525886323,292.5128685944204,6.159063058016175
2-9000-944-5940
0.05370188378235581
1.190216064453125,0.9135887144574846,0.09937984,0.892370525886323,292.5128685944204,6.159063058016175
2-9000-944-5985
0.051998273097947474
1.190216064453125,0.9135887144574846,0.09937984,0.892370525886323,292.5128685944204,6.159063058016175
2-9000-944-6030
0.05038960392502047
1.190216064453125,0.9135887144574846,0.09937984,0.892370525886323,292.5128685944204,6.159063058016175
2-9000-944-6075
0.048938437882214816
1.190216064453125,0.9135887144574846,0.09937984,0.892370525886323,292.5128685944204,6.159063058016175
2-9000-944-6120
0.047658111176239526
1.190216064453125,0.9135887144574846,0.09937984,0.892370525886323,292.5128685944204,6.159063058016175
2-9000-944-6165
0.046543730175632736
1.190216064453125,0.9135887144574846,0.09937984,0.892370525886323,292.5128685944204,6.159063058016175
2-9000-944-6210
0.04560011082872052
1.190216064453125,0.9135887144574846,0.09937984,0.892370525886323,292.5128685944204,6.159063058016175
2-9000-944-6255
0.04483282587124931
1.190216064453125,0.9135887144574846,0.09937984,0.892370525886323,292.5128685944204,6.159063058016175
2-9000-944-6300
0.044239780098522676
1.190216064453125,0.9135887144574846,0.09937984,0.892370525886323,292.5128685944204,6.159063058016175
2-9000-944-6345
0.043833949661632225
1.190216064453125,0.9135887144574846,0.09937984,0.892370525886323,292.5128685944204,6.159063058016175
2-9000-944-6390
0.04361631581352727
1.190216064453125,0.9135887144574846,0.09937984,0.892370525886323,292.5128685944204,6.159063058016175
2-9000-944-6435
0.04361541285544395
1.190216064453125,0.9135887144574846,0.09937984,0.892370525886323,292.5128685944204,6.159063058016175
2-9000-944-6480
0.04378528166161849
1.190216064453125,0.9135887144574846,0.09937984,0.892370525886323,292.5128685944204,6.159063058016175
2-9000-944-6525
0.044123440434448984
1.190216064453125,0.9135887144574846,0.09937984,0.892370525886323,292.5128685944204,6.159063058016175
2-9000-944-6570
0.04469467325518306
1.190216064453125,0.9135887144574846,0.09937984,0.892370525886323,292.5128685944204,6.159063058016175
2-9000-944-6615
0.04547205345970637
1.190216064453125,0.9135887144574846,0.09937984,0.892370525886323,292.5128685944204,6.159063058016175
2-9000-944-6660
0.046460314939761035
1.190216064453125,0.9135887144574846,0.09937984,0.892370525886323,292.5128685944204,6.159063058016175
2-9000-944-6705
0.04766421856347028
1.190216064453125,0.9135887144574846,0.09937984,0.892370525886323,292.5128685944204,6.159063058016175
2-9000-944-6750
0.04908705697552631
1.190216064453125,0.9135887144574846,0.09937984,0.892370525886323,292.5128685944204,6.159063058016175
2-9000-944-6795
0.05073313519639031
1.190216064453125,0.9135887144574846,0.09937984,0.892370525886323,292.5128685944204,6.159063058016175
2-9000-944-6840
0.05264106947991533
1.190216064453125,0.9135887144574846,0.09937984,0.892370525886323,292.5128685944204,6.159063058016175
2-9000-944-6885
0.05475890890564881
1.190216064453125,0.9135887144574846,0.09937984,0.892370525886323,292.5128685944204,6.159063058016175
2-9000-944-6930
0.05708544209713276
1.190216064453125,0.9135887144574846,0.09937984,0.892370525886323,292.5128685944204,6.159063058016175
2-9000-944-6975
0.05961246602435493
1.190216064453125,0.9135887144574846,0.09937984,0.892370525886323,292.5128685944204,6.159063058016175
2-9000-1074-45
0.039323805271271495
1.367584228515625,0.654634286778777,0.05050304,0.8680354274154475,294.8064277775363,6.239452400126045
2-9000-1074-90
0.03843403574179369
1.367584228515625,0.654634286778777,0.05050304,0.8680354274154475,294.8064277775363,6.239452400126045
2-9000-1074-135
0.037705199170453535
1.367584228515625,0.654634286778777,0.05050304,0.8680354274154475,294.8064277775363,6.239452400126045
2-9000-1074-180
0.037164190875736275
1.367584228515625,0.654634286778777,0.05050304,0.8680354274154475,294.8064277775363,6.239452400126045
2-9000-1074-225
0.036862881994027936
1.367584228515625,0.654634286778777,0.05050304,0.8680354274154475,294.8064277775363,6.239452400126045
2-9000-1074-270
0.03701403592022959
1.367584228515625,0.654634286778777,0.05050304,0.8680354274154475,294.8064277775363,6.239452400126045
2-9000-1074-315
0.037646839047839074
1.367584228515625,0.654634286778777,0.05050304,0.8680354274154475,294.8064277775363,6.239452400126045
2-9000-1074-360
0.03727536448130366
1.367584228515625,0.654634286778777,0.05050304,0.8680354274154475,294.8064277775363,6.239452400126045
2-9000-1074-405
0.0370753616773157
1.367584228515625,0.654634286778777,0.05050304,0.8680354274154475,294.8064277775363,6.239452400126045
2-9000-1074-450
0.037093520092302046
1.367584228515625,0.654634286778777,0.05050304,0.8680354274154475,294.8064277775363,6.239452400126045
2-9000-1074-495
0.03691283790138268
1.367584228515625,0.654634286778777,0.05050304,0.8680354274154475,294.8064277775363,6.239452400126045
2-9000-1074-540
0.03684180196120274
1.367584228515625,0.654634286778777,0.05050304,0.8680354274154475,294.8064277775363,6.239452400126045
2-9000-1074-585
0.03688043281473196
1.367584228515625,0.654634286778777,0.05050304,0.8680354274154475,294.8064277775363,6.239452400126045
2-9000-1074-630
0.03703197139580165
1.367584228515625,0.654634286778777,0.05050304,0.8680354274154475,294.8064277775363,6.239452400126045
2-9000-1074-675
0.03729389921704974
1.367584228515625,0.654634286778777,0.05050304,0.8680354274154475,294.8064277775363,6.239452400126045
2-9000-1074-720
0.03766737805744977
1.367584228515625,0.654634286778777,0.05050304,0.8680354274154475,294.8064277775363,6.239452400126045
2-9000-1074-765
0.03815598154448664
1.367584228515625,0.654634286778777,0.05050304,0.8680354274154475,294.8064277775363,6.239452400126045
2-9000-1074-810
0.038754208728709376
1.367584228515625,0.654634286778777,0.05050304,0.8680354274154475,294.8064277775363,6.239452400126045
2-9000-1074-855
0.03946306853194655
1.367584228515625,0.654634286778777,0.05050304,0.8680354274154475,294.8064277775363,6.239452400126045
2-9000-1074-900
0.04029033202082918
1.367584228515625,0.654634286778777,0.05050304,0.8680354274154475,294.8064277775363,6.239452400126045
2-9000-1074-945
0.041225853186504055
1.367584228515625,0.654634286778777,0.05050304,0.8680354274154475,294.8064277775363,6.239452400126045
2-9000-1074-990
0.042268308921174086
1.367584228515625,0.654634286778777,0.05050304,0.8680354274154475,294.8064277775363,6.239452400126045
2-9000-1074-1035
0.04342722903763474
1.367584228515625,0.654634286778777,0.05050304,0.8680354274154475,294.8064277775363,6.239452400126045
2-9000-1074-1080
0.04469452786275245
1.367584228515625,0.654634286778777,0.05050304,0.8680354274154475,294.8064277775363,6.239452400126045
2-9000-1074-1125
0.046066008179076925
1.367584228515625,0.654634286778777,0.05050304,0.8680354274154475,294.8064277775363,6.239452400126045
2-9000-1074-1170
0.0475497181938679
1.367584228515625,0.654634286778777,0.05050304,0.8680354274154475,294.8064277775363,6.239452400126045
2-9000-1074-1215
0.0491388908370084
1.367584228515625,0.654634286778777,0.05050304,0.8680354274154475,294.8064277775363,6.239452400126045
2-9000-1074-1260
0.05082538101069108
1.367584228515625,0.654634286778777,0.05050304,0.8680354274154475,294.8064277775363,6.239452400126045
2-9000-1074-1305
0.05260994106569494
1.367584228515625,0.654634286778777,0.05050304,0.8680354274154475,294.8064277775363,6.239452400126045
2-9000-1074-1350
0.0544986490579844
1.367584228515625,0.654634286778777,0.05050304,0.8680354274154475,294.8064277775363,6.239452400126045
2-9000-1074-1395
0.05648698441081556
1.367584228515625,0.654634286778777,0.05050304,0.8680354274154475,294.8064277775363,6.239452400126045
2-9000-1074-1440
0.05856584073770171
1.367584228515625,0.654634286778777,0.05050304,0.8680354274154475,294.8064277775363,6.239452400126045
2-9000-1074-8460
0.05782761515623037
1.367584228515625,0.654634286778777,0.05050304,0.8680354274154475,294.8064277775363,6.239452400126045
2-9000-1074-8505
0.05564261756626521
1.367584228515625,0.654634286778777,0.05050304,0.8680354274154475,294.8064277775363,6.239452400126045
2-9000-1074-8550
0.05360693113134915
1.367584228515625,0.654634286778777,0.05050304,0.8680354274154475,294.8064277775363,6.239452400126045
2-9000-1074-8595
0.051739636240315356
1.367584228515625,0.654634286778777,0.05050304,0.8680354274154475,294.8064277775363,6.239452400126045
2-9000-1074-8640
0.05008107394363082
1.367584228515625,0.654634286778777,0.05050304,0.8680354274154475,294.8064277775363,6.239452400126045
2-9000-1074-8685
0.048725070350997775
1.367584228515625,0.654634286778777,0.05050304,0.8680354274154475,294.8064277775363,6.239452400126045
2-9000-1074-8730
0.04819051847836753
1.367584228515625,0.654634286778777,0.05050304,0.8680354274154475,294.8064277775363,6.239452400126045
2-9000-1074-8775
0.04736229043605858
1.367584228515625,0.654634286778777,0.05050304,0.8680354274154475,294.8064277775363,6.239452400126045
2-9000-1074-8820
0.04573347060200327
1.367584228515625,0.654634286778777,0.05050304,0.8680354274154475,294.8064277775363,6.239452400126045
2-9000-1074-8865
0.04421713654686842
1.367584228515625,0.654634286778777,0.05050304,0.8680354274154475,294.8064277775363,6.239452400126045
2-9000-1074-8910
0.042807570080165336
1.367584228515625,0.654634286778777,0.05050304,0.8680354274154475,294.8064277775363,6.239452400126045
2-9000-1074-8955
0.04151692935686628
1.367584228515625,0.654634286778777,0.05050304,0.8680354274154475,294.8064277775363,6.239452400126045
2-9000-1074-9000
0.040354237495381515
1.367584228515625,0.654634286778777,0.05050304,0.8680354274154475,294.8064277775363,6.239452400126045
3-3000-3390-2505
0.05515360677529474
1.01202392578125,0.7022049484326575,0.07306560000000001,0.7075325757125005,359.1032033331055,7.07611778299079
3-3000-3390-2520
0.048494668764768635
1.01202392578125,0.7022049484326575,0.07306560000000001,0.7075325757125005,359.1032033331055,7.07611778299079
3-3000-3390-2535
0.042488181038158226
1.01202392578125,0.7022049484326575,0.07306560000000001,0.7075325757125005,359.1032033331055,7.07611778299079
3-3000-3390-2550
0.03724644998839485
1.01202392578125,0.7022049484326575,0.07306560000000001,0.7075325757125005,359.1032033331055,7.07611778299079
3-3000-3390-2565
0.03295484512610338
1.01202392578125,0.7022049484326575,0.07306560000000001,0.7075325757125005,359.1032033331055,7.07611778299079
3-3000-3390-2580
0.030016313288447106
1.01202392578125,0.7022049484326575,0.07306560000000001,0.7075325757125005,359.1032033331055,7.07611778299079
3-3000-3390-2595
0.029756572347931165
1.01202392578125,0.7022049484326575,0.07306560000000001,0.7075325757125005,359.1032033331055,7.07611778299079
3-3000-3390-2610
0.028554802823568745
1.01202392578125,0.7022049484326575,0.07306560000000001,0.7075325757125005,359.1032033331055,7.07611778299079
3-3000-3390-2625
0.030046683133477997
1.01202392578125,0.7022049484326575,0.07306560000000001,0.7075325757125005,359.1032033331055,7.07611778299079
3-3000-3390-2640
0.033826577657052784
1.01202392578125,0.7022049484326575,0.07306560000000001,0.7075325757125005,359.1032033331055,7.07611778299079
3-3000-3390-2655
0.03978641672178277
1.01202392578125,0.7022049484326575,0.07306560000000001,0.7075325757125005,359.1032033331055,7.07611778299079
3-3000-3390-2670
0.045370271954422975
1.01202392578125,0.7022049484326575,0.07306560000000001,0.7075325757125005,359.1032033331055,7.07611778299079
3-3000-3390-2685
0.050126297917166496
1.01202392578125,0.7022049484326575,0.07306560000000001,0.7075325757125005,359.1032033331055,7.07611778299079
3-3000-3390-2700
0.05500688125951696
1.01202392578125,0.7022049484326575,0.07306560000000001,0.7075325757125005,359.1032033331055,7.07611778299079
3-3000-3390-2715
0.057862867873940425
1.01202392578125,0.7022049484326575,0.07306560000000001,0.7075325757125005,359.1032033331055,7.07611778299079
3-3000-3593-840
0.059677535146713624
1.61846923828125,0.7097495300513135,0.08972160000000001,0.710656274171476,391.951369441978,6.655544273659885
3-3000-3593-855
0.05847717577486093
1.61846923828125,0.7097495300513135,0.08972160000000001,0.710656274171476,391.951369441978,6.655544273659885
3-3000-3593-870
0.0573839169049888
1.61846923828125,0.7097495300513135,0.08972160000000001,0.710656274171476,391.951369441978,6.655544273659885
3-3000-3593-885
0.056442964895558966
1.61846923828125,0.7097495300513135,0.08972160000000001,0.710656274171476,391.951369441978,6.655544273659885
3-3000-3593-900
0.05565824576754
1.61846923828125,0.7097495300513135,0.08972160000000001,0.710656274171476,391.951369441978,6.655544273659885
3-3000-3593-915
0.05510590198115807
1.61846923828125,0.7097495300513135,0.08972160000000001,0.710656274171476,391.951369441978,6.655544273659885
3-3000-3593-930
0.0548091434394199
1.61846923828125,0.7097495300513135,0.08972160000000001,0.710656274171476,391.951369441978,6.655544273659885
3-3000-3593-945
0.054788181291096305
1.61846923828125,0.7097495300513135,0.08972160000000001,0.710656274171476,391.951369441978,6.655544273659885
3-3000-3593-960
0.055072438016003825
1.61846923828125,0.7097495300513135,0.08972160000000001,0.710656274171476,391.951369441978,6.655544273659885
3-3000-3593-975
0.0557125975111198
1.61846923828125,0.7097495300513135,0.08972160000000001,0.710656274171476,391.951369441978,6.655544273659885
3-3000-3593-990
0.05682406571620143
1.61846923828125,0.7097495300513135,0.08972160000000001,0.710656274171476,391.951369441978,6.655544273659885
3-3000-3593-1005
0.05855117236527484
1.61846923828125,0.7097495300513135,0.08972160000000001,0.710656274171476,391.951369441978,6.655544273659885
3-3000-4753-255
0.05890420330848671
1.20770263671875,0.8608189808464155,0.0937888,0.656958410186232,466.1150194658835,6.162424284863975
3-3000-4753-270
0.05791962534638892
1.20770263671875,0.8608189808464155,0.0937888,0.656958410186232,466.1150194658835,6.162424284863975
3-3000-4753-285
0.057033386117329464
1.20770263671875,0.8608189808464155,0.0937888,0.656958410186232,466.1150194658835,6.162424284863975
3-3000-4753-300
0.056291204477636816
1.20770263671875,0.8608189808464155,0.0937888,0.656958410186232,466.1150194658835,6.162424284863975
3-3000-4753-315
0.05570427630199687
1.20770263671875,0.8608189808464155,0.0937888,0.656958410186232,466.1150194658835,6.162424284863975
3-3000-4753-330
0.055271257379986206
1.20770263671875,0.8608189808464155,0.0937888,0.656958410186232,466.1150194658835,6.162424284863975
3-3000-4753-345
0.05499502306167971
1.20770263671875,0.8608189808464155,0.0937888,0.656958410186232,466.1150194658835,6.162424284863975
3-3000-4753-360
0.054880536197902244
1.20770263671875,0.8608189808464155,0.0937888,0.656958410186232,466.1150194658835,6.162424284863975
3-3000-4753-375
0.054922804384439444
1.20770263671875,0.8608189808464155,0.0937888,0.656958410186232,466.1150194658835,6.162424284863975
3-3000-4753-390
0.05513076852778019
1.20770263671875,0.8608189808464155,0.0937888,0.656958410186232,466.1150194658835,6.162424284863975
3-3000-4753-405
0.055502305434056896
1.20770263671875,0.8608189808464155,0.0937888,0.656958410186232,466.1150194658835,6.162424284863975
3-3000-4753-420
0.05603113201145961
1.20770263671875,0.8608189808464155,0.0937888,0.656958410186232,466.1150194658835,6.162424284863975
3-3000-4753-435
0.05672877068166284
1.20770263671875,0.8608189808464155,0.0937888,0.656958410186232,466.1150194658835,6.162424284863975
3-3000-4753-450
0.05758712430401899
1.20770263671875,0.8608189808464155,0.0937888,0.656958410186232,466.1150194658835,6.162424284863975
3-3000-4753-465
0.058608768161303545
1.20770263671875,0.8608189808464155,0.0937888,0.656958410186232,466.1150194658835,6.162424284863975
3-3000-4753-480
0.05980212186650874
1.20770263671875,0.8608189808464155,0.0937888,0.656958410186232,466.1150194658835,6.162424284863975
3-6000-3933-5190
0.05855489698972541
1.24163818359375,0.703525885281715,0.0766368,0.792140179687035,320.2869277433855,6.395469346311405
3-6000-3933-5220
0.054743599213329615
1.24163818359375,0.703525885281715,0.0766368,0.792140179687035,320.2869277433855,6.395469346311405
3-6000-3933-5250
0.05183182406296141
1.24163818359375,0.703525885281715,0.0766368,0.792140179687035,320.2869277433855,6.395469346311405
3-6000-3933-5280
0.04998163976115916
1.24163818359375,0.703525885281715,0.0766368,0.792140179687035,320.2869277433855,6.395469346311405
3-6000-3933-5310
0.04944206445654062
1.24163818359375,0.703525885281715,0.0766368,0.792140179687035,320.2869277433855,6.395469346311405
3-6000-3933-5340
0.0506647865515569
1.24163818359375,0.703525885281715,0.0766368,0.792140179687035,320.2869277433855,6.395469346311405
3-6000-3933-5370
0.05481640784286924
1.24163818359375,0.703525885281715,0.0766368,0.792140179687035,320.2869277433855,6.395469346311405
3-9000-1373-4860
0.05689329960765409
1.62200927734375,0.5687141187827061,0.0939968,0.964360088058547,271.38384735270193,7.8667063478169545
3-9000-1373-4905
0.05450001031056673
1.62200927734375,0.5687141187827061,0.0939968,0.964360088058547,271.38384735270193,7.8667063478169545
3-9000-1373-4950
0.05499300806460082
1.62200927734375,0.5687141187827061,0.0939968,0.964360088058547,271.38384735270193,7.8667063478169545
3-9000-1373-4995
0.0575399255183142
1.62200927734375,0.5687141187827061,0.0939968,0.964360088058547,271.38384735270193,7.8667063478169545
3-9000-1522-45
0.059783514860228336
1.442657470703125,0.657039069247574,0.06536384,0.8234111637157985,306.682665739424,5.9150940093134
3-9000-1522-90
0.05910206750614805
1.442657470703125,0.657039069247574,0.06536384,0.8234111637157985,306.682665739424,5.9150940093134
3-9000-1522-135
0.058563425536252656
1.442657470703125,0.657039069247574,0.06536384,0.8234111637157985,306.682665739424,5.9150940093134
3-9000-1522-180
0.05815807976455204
1.442657470703125,0.657039069247574,0.06536384,0.8234111637157985,306.682665739424,5.9150940093134
3-9000-1522-225
0.05789806823836302
1.442657470703125,0.657039069247574,0.06536384,0.8234111637157985,306.682665739424,5.9150940093134
3-9000-1522-270
0.057792781451590954
1.442657470703125,0.657039069247574,0.06536384,0.8234111637157985,306.682665739424,5.9150940093134
3-9000-1522-315
0.057851060219112786
1.442657470703125,0.657039069247574,0.06536384,0.8234111637157985,306.682665739424,5.9150940093134
3-9000-1522-360
0.05808679085077607
1.442657470703125,0.657039069247574,0.06536384,0.8234111637157985,306.682665739424,5.9150940093134
3-9000-1522-405
0.05851602741558707
1.442657470703125,0.657039069247574,0.06536384,0.8234111637157985,306.682665739424,5.9150940093134
3-9000-1522-450
0.05915578550055463
1.442657470703125,0.657039069247574,0.06536384,0.8234111637157985,306.682665739424,5.9150940093134
3-9000-1522-9000
0.05948789371839454
1.442657470703125,0.657039069247574,0.06536384,0.8234111637157985,306.682665739424,5.9150940093134
4-3000-5247-15
0.05139655292749768
1.08428955078125,0.9930142762790225,0.09444159999999999,0.755845778544654,376.5719554675225,6.2750253842652555
4-3000-5247-30
0.05077436367907277
1.08428955078125,0.9930142762790225,0.09444159999999999,0.755845778544654,376.5719554675225,6.2750253842652555
4-3000-5247-45
0.05042766062366345
1.08428955078125,0.9930142762790225,0.09444159999999999,0.755845778544654,376.5719554675225,6.2750253842652555
4-3000-5247-60
0.050211239734009705
1.08428955078125,0.9930142762790225,0.09444159999999999,0.755845778544654,376.5719554675225,6.2750253842652555
4-3000-5247-75
0.050128047427154876
1.08428955078125,0.9930142762790225,0.09444159999999999,0.755845778544654,376.5719554675225,6.2750253842652555
4-3000-5247-90
0.0502761631299079
1.08428955078125,0.9930142762790225,0.09444159999999999,0.755845778544654,376.5719554675225,6.2750253842652555
4-3000-5247-105
0.05063074127606751
1.08428955078125,0.9930142762790225,0.09444159999999999,0.755845778544654,376.5719554675225,6.2750253842652555
4-3000-5247-120
0.05125788608176725
1.08428955078125,0.9930142762790225,0.09444159999999999,0.755845778544654,376.5719554675225,6.2750253842652555
4-3000-5247-135
0.05216975141526334
1.08428955078125,0.9930142762790225,0.09444159999999999,0.755845778544654,376.5719554675225,6.2750253842652555
4-3000-5247-150
0.05338038032232617
1.08428955078125,0.9930142762790225,0.09444159999999999,0.755845778544654,376.5719554675225,6.2750253842652555
4-3000-5247-165
0.0549095450167548
1.08428955078125,0.9930142762790225,0.09444159999999999,0.755845778544654,376.5719554675225,6.2750253842652555
4-3000-5247-180
0.056830414427165785
1.08428955078125,0.9930142762790225,0.09444159999999999,0.755845778544654,376.5719554675225,6.2750253842652555
4-3000-5247-195
0.05926864908518937
1.08428955078125,0.9930142762790225,0.09444159999999999,0.755845778544654,376.5719554675225,6.2750253842652555
4-3000-5247-2940
0.05869287817566724
1.08428955078125,0.9930142762790225,0.09444159999999999,0.755845778544654,376.5719554675225,6.2750253842652555
4-3000-5247-2955
0.05674808114487352
1.08428955078125,0.9930142762790225,0.09444159999999999,0.755845778544654,376.5719554675225,6.2750253842652555
4-3000-5247-2970
0.055030915593610244
1.08428955078125,0.9930142762790225,0.09444159999999999,0.755845778544654,376.5719554675225,6.2750253842652555
4-3000-5247-2985
0.05355018168854173
1.08428955078125,0.9930142762790225,0.09444159999999999,0.755845778544654,376.5719554675225,6.2750253842652555
4-3000-5247-3000
0.05232640811869854
1.08428955078125,0.9930142762790225,0.09444159999999999,0.755845778544654,376.5719554675225,6.2750253842652555
4-3000-5500-2775
0.059859381444915476
1.23370361328125,0.9329624549103285,0.0819616,0.5184446956625215,453.296222935592,7.89009488463289
4-3000-6096-2730
0.05874994878906048
1.90838623046875,0.578824366204339,0.0768128,0.6796572856547864,392.4854859640735,7.8809915619201
4-3000-6096-2745
0.05678776768326749
1.90838623046875,0.578824366204339,0.0768128,0.6796572856547864,392.4854859640735,7.8809915619201
4-3000-6096-2760
0.055149606379114965
1.90838623046875,0.578824366204339,0.0768128,0.6796572856547864,392.4854859640735,7.8809915619201
4-3000-6096-2775
0.05395541290758477
1.90838623046875,0.578824366204339,0.0768128,0.6796572856547864,392.4854859640735,7.8809915619201
4-3000-6096-2790
0.053499550795330406
1.90838623046875,0.578824366204339,0.0768128,0.6796572856547864,392.4854859640735,7.8809915619201
4-3000-6096-2805
0.05644156810466361
1.90838623046875,0.578824366204339,0.0768128,0.6796572856547864,392.4854859640735,7.8809915619201
4-3000-6096-2820
0.05606628618163549
1.90838623046875,0.578824366204339,0.0768128,0.6796572856547864,392.4854859640735,7.8809915619201
4-3000-6096-2835
0.05514282256890238
1.90838623046875,0.578824366204339,0.0768128,0.6796572856547864,392.4854859640735,7.8809915619201
4-3000-6096-2850
0.0545791500145621
1.90838623046875,0.578824366204339,0.0768128,0.6796572856547864,392.4854859640735,7.8809915619201
4-3000-6096-2865
0.05432636919887912
1.90838623046875,0.578824366204339,0.0768128,0.6796572856547864,392.4854859640735,7.8809915619201
4-3000-6096-2880
0.05463866941949549
1.90838623046875,0.578824366204339,0.0768128,0.6796572856547864,392.4854859640735,7.8809915619201
4-3000-6096-2895
0.056154461740882046
1.90838623046875,0.578824366204339,0.0768128,0.6796572856547864,392.4854859640735,7.8809915619201
4-3000-6096-2910
0.05764750553627006
1.90838623046875,0.578824366204339,0.0768128,0.6796572856547864,392.4854859640735,7.8809915619201
4-6000-4984-120
0.059304529434478934
1.71832275390625,0.630188487527308,0.0693056,0.619860772297257,322.641896045352,6.080214278211545
4-6000-4984-150
0.05864805406239727
1.71832275390625,0.630188487527308,0.0693056,0.619860772297257,322.641896045352,6.080214278211545
4-6000-4984-180
0.058022239067768495
1.71832275390625,0.630188487527308,0.0693056,0.619860772297257,322.641896045352,6.080214278211545
4-6000-4984-210
0.05740860218086368
1.71832275390625,0.630188487527308,0.0693056,0.619860772297257,322.641896045352,6.080214278211545
4-6000-4984-240
0.05683275775661293
1.71832275390625,0.630188487527308,0.0693056,0.619860772297257,322.641896045352,6.080214278211545
4-6000-4984-270
0.05629700021770529
1.71832275390625,0.630188487527308,0.0693056,0.619860772297257,322.641896045352,6.080214278211545
4-6000-4984-300
0.05578793366862807
1.71832275390625,0.630188487527308,0.0693056,0.619860772297257,322.641896045352,6.080214278211545
4-6000-4984-330
0.055303202390602005
1.71832275390625,0.630188487527308,0.0693056,0.619860772297257,322.641896045352,6.080214278211545
4-6000-4984-360
0.05486284680884743
1.71832275390625,0.630188487527308,0.0693056,0.619860772297257,322.641896045352,6.080214278211545
4-6000-4984-390
0.054454344618250036
1.71832275390625,0.630188487527308,0.0693056,0.619860772297257,322.641896045352,6.080214278211545
4-6000-4984-420
0.05407771912297801
1.71832275390625,0.630188487527308,0.0693056,0.619860772297257,322.641896045352,6.080214278211545
4-6000-4984-450
0.05373009756749742
1.71832275390625,0.630188487527308,0.0693056,0.619860772297257,322.641896045352,6.080214278211545
4-6000-4984-480
0.0534093829988045
1.71832275390625,0.630188487527308,0.0693056,0.619860772297257,322.641896045352,6.080214278211545
4-6000-4984-510
0.05311748729271171
1.71832275390625,0.630188487527308,0.0693056,0.619860772297257,322.641896045352,6.080214278211545
4-6000-4984-540
0.05286218605433527
1.71832275390625,0.630188487527308,0.0693056,0.619860772297257,322.641896045352,6.080214278211545
4-6000-4984-570
0.052636389383782414
1.71832275390625,0.630188487527308,0.0693056,0.619860772297257,322.641896045352,6.080214278211545
4-6000-4984-600
0.052438814395220926
1.71832275390625,0.630188487527308,0.0693056,0.619860772297257,322.641896045352,6.080214278211545
4-6000-4984-630
0.052270234481003
1.71832275390625,0.630188487527308,0.0693056,0.619860772297257,322.641896045352,6.080214278211545
4-6000-4984-660
0.05213020999436235
1.71832275390625,0.630188487527308,0.0693056,0.619860772297257,322.641896045352,6.080214278211545
4-6000-4984-690
0.05201810656779857
1.71832275390625,0.630188487527308,0.0693056,0.619860772297257,322.641896045352,6.080214278211545
4-6000-4984-720
0.05193464967026451
1.71832275390625,0.630188487527308,0.0693056,0.619860772297257,322.641896045352,6.080214278211545
4-6000-4984-750
0.05187916015167756
1.71832275390625,0.630188487527308,0.0693056,0.619860772297257,322.641896045352,6.080214278211545
4-6000-4984-780
0.05185246419011331
1.71832275390625,0.630188487527308,0.0693056,0.619860772297257,322.641896045352,6.080214278211545
4-6000-4984-810
0.051853963537844425
1.71832275390625,0.630188487527308,0.0693056,0.619860772297257,322.641896045352,6.080214278211545
4-6000-4984-840
0.05188325510369659
1.71832275390625,0.630188487527308,0.0693056,0.619860772297257,322.641896045352,6.080214278211545
4-6000-4984-870
0.051939222819171
1.71832275390625,0.630188487527308,0.0693056,0.619860772297257,322.641896045352,6.080214278211545
4-6000-4984-900
0.05202173629785506
1.71832275390625,0.630188487527308,0.0693056,0.619860772297257,322.641896045352,6.080214278211545
4-6000-4984-930
0.052130443136151214
1.71832275390625,0.630188487527308,0.0693056,0.619860772297257,322.641896045352,6.080214278211545
4-6000-4984-960
0.052265159848848775
1.71832275390625,0.630188487527308,0.0693056,0.619860772297257,322.641896045352,6.080214278211545
4-6000-4984-990
0.052425388161639615
1.71832275390625,0.630188487527308,0.0693056,0.619860772297257,322.641896045352,6.080214278211545
4-6000-4984-1020
0.05261135770467097
1.71832275390625,0.630188487527308,0.0693056,0.619860772297257,322.641896045352,6.080214278211545
4-6000-4984-1050
0.05282275556409424
1.71832275390625,0.630188487527308,0.0693056,0.619860772297257,322.641896045352,6.080214278211545
4-6000-4984-1080
0.05305879343175091
1.71832275390625,0.630188487527308,0.0693056,0.619860772297257,322.641896045352,6.080214278211545
4-6000-4984-1110
0.05331882788186099
1.71832275390625,0.630188487527308,0.0693056,0.619860772297257,322.641896045352,6.080214278211545
4-6000-4984-1140
0.05360217470681386
1.71832275390625,0.630188487527308,0.0693056,0.619860772297257,322.641896045352,6.080214278211545
4-6000-4984-1170
0.05390864285563812
1.71832275390625,0.630188487527308,0.0693056,0.619860772297257,322.641896045352,6.080214278211545
4-6000-4984-1200
0.054238060620254894
1.71832275390625,0.630188487527308,0.0693056,0.619860772297257,322.641896045352,6.080214278211545
4-6000-4984-1230
0.05459041830694175
1.71832275390625,0.630188487527308,0.0693056,0.619860772297257,322.641896045352,6.080214278211545
4-6000-4984-1260
0.05496522131407517
1.71832275390625,0.630188487527308,0.0693056,0.619860772297257,322.641896045352,6.080214278211545
4-6000-4984-1290
0.05536096821057516
1.71832275390625,0.630188487527308,0.0693056,0.619860772297257,322.641896045352,6.080214278211545
4-6000-4984-1320
0.05577765702102212
1.71832275390625,0.630188487527308,0.0693056,0.619860772297257,322.641896045352,6.080214278211545
4-6000-4984-1350
0.05621514390491865
1.71832275390625,0.630188487527308,0.0693056,0.619860772297257,322.641896045352,6.080214278211545
4-6000-4984-1380
0.05667266222471367
1.71832275390625,0.630188487527308,0.0693056,0.619860772297257,322.641896045352,6.080214278211545
4-6000-4984-1410
0.05715610413883923
1.71832275390625,0.630188487527308,0.0693056,0.619860772297257,322.641896045352,6.080214278211545
4-6000-4984-1440
0.05765391821179155
1.71832275390625,0.630188487527308,0.0693056,0.619860772297257,322.641896045352,6.080214278211545
4-6000-4984-1470
0.058167306735895374
1.71832275390625,0.630188487527308,0.0693056,0.619860772297257,322.641896045352,6.080214278211545
4-6000-4984-1500
0.058700414818411276
1.71832275390625,0.630188487527308,0.0693056,0.619860772297257,322.641896045352,6.080214278211545
4-6000-4984-1530
0.05925048996576714
1.71832275390625,0.630188487527308,0.0693056,0.619860772297257,322.641896045352,6.080214278211545
4-6000-4984-1560
0.05981675389204419
1.71832275390625,0.630188487527308,0.0693056,0.619860772297257,322.641896045352,6.080214278211545
4-6000-5379-750
0.057693022616162555
1.20037841796875,0.9732002235431589,0.0903328,0.8868626167668234,322.846117068506,6.535520464969715
4-6000-5379-780
0.055386114169928
1.20037841796875,0.9732002235431589,0.0903328,0.8868626167668234,322.846117068506,6.535520464969715
4-6000-5379-810
0.053245740036879124
1.20037841796875,0.9732002235431589,0.0903328,0.8868626167668234,322.846117068506,6.535520464969715
4-6000-5379-840
0.05126818736951348
1.20037841796875,0.9732002235431589,0.0903328,0.8868626167668234,322.846117068506,6.535520464969715
4-6000-5379-870
0.049461360205654045
1.20037841796875,0.9732002235431589,0.0903328,0.8868626167668234,322.846117068506,6.535520464969715
4-6000-5379-900
0.047830341607654155
1.20037841796875,0.9732002235431589,0.0903328,0.8868626167668234,322.846117068506,6.535520464969715
4-6000-5379-930
0.04637530303869575
1.20037841796875,0.9732002235431589,0.0903328,0.8868626167668234,322.846117068506,6.535520464969715
4-6000-5379-960
0.04510513575468643
1.20037841796875,0.9732002235431589,0.0903328,0.8868626167668234,322.846117068506,6.535520464969715
4-6000-5379-990
0.04401956703502402
1.20037841796875,0.9732002235431589,0.0903328,0.8868626167668234,322.846117068506,6.535520464969715
4-6000-5379-1020
0.04313013383423097
1.20037841796875,0.9732002235431589,0.0903328,0.8868626167668234,322.846117068506,6.535520464969715
4-6000-5379-1050
0.042437235988110125
1.20037841796875,0.9732002235431589,0.0903328,0.8868626167668234,322.846117068506,6.535520464969715
4-6000-5379-1080
0.0419512857349989
1.20037841796875,0.9732002235431589,0.0903328,0.8868626167668234,322.846117068506,6.535520464969715
4-6000-5379-1110
0.04168002030034483
1.20037841796875,0.9732002235431589,0.0903328,0.8868626167668234,322.846117068506,6.535520464969715
4-6000-5379-1140
0.04163925791187481
1.20037841796875,0.9732002235431589,0.0903328,0.8868626167668234,322.846117068506,6.535520464969715
4-6000-5379-1170
0.04184676562104443
1.20037841796875,0.9732002235431589,0.0903328,0.8868626167668234,322.846117068506,6.535520464969715
4-6000-5379-1200
0.04233273485966364
1.20037841796875,0.9732002235431589,0.0903328,0.8868626167668234,322.846117068506,6.535520464969715
4-6000-5379-1230
0.04317145656519618
1.20037841796875,0.9732002235431589,0.0903328,0.8868626167668234,322.846117068506,6.535520464969715
4-6000-5379-1260
0.044571708078298286
1.20037841796875,0.9732002235431589,0.0903328,0.8868626167668234,322.846117068506,6.535520464969715
4-6000-5379-1290
0.046941635485275635
1.20037841796875,0.9732002235431589,0.0903328,0.8868626167668234,322.846117068506,6.535520464969715
4-6000-5379-1320
0.04811441769641957
1.20037841796875,0.9732002235431589,0.0903328,0.8868626167668234,322.846117068506,6.535520464969715
4-6000-5379-1350
0.04972611731711653
1.20037841796875,0.9732002235431589,0.0903328,0.8868626167668234,322.846117068506,6.535520464969715
4-6000-5379-1380
0.05123775867444898
1.20037841796875,0.9732002235431589,0.0903328,0.8868626167668234,322.846117068506,6.535520464969715
4-6000-5379-1410
0.052803309226290965
1.20037841796875,0.9732002235431589,0.0903328,0.8868626167668234,322.846117068506,6.535520464969715
4-6000-5379-1440
0.05460039351981764
1.20037841796875,0.9732002235431589,0.0903328,0.8868626167668234,322.846117068506,6.535520464969715
4-6000-5379-1470
0.056660304822325175
1.20037841796875,0.9732002235431589,0.0903328,0.8868626167668234,322.846117068506,6.535520464969715
4-6000-5379-1500
0.05904552359593125
1.20037841796875,0.9732002235431589,0.0903328,0.8868626167668234,322.846117068506,6.535520464969715
4-6000-5783-240
0.058189864717642564
1.21771240234375,0.5693999898389475,0.07168064,0.8187957398702921,292.63854307020756,6.77976961590981
4-6000-5783-270
0.05642289379037452
1.21771240234375,0.5693999898389475,0.07168064,0.8187957398702921,292.63854307020756,6.77976961590981
4-6000-5783-300
0.05502553887497529
1.21771240234375,0.5693999898389475,0.07168064,0.8187957398702921,292.63854307020756,6.77976961590981
4-6000-5783-330
0.05403941585206602
1.21771240234375,0.5693999898389475,0.07168064,0.8187957398702921,292.63854307020756,6.77976961590981
4-6000-5783-360
0.053536561041261914
1.21771240234375,0.5693999898389475,0.07168064,0.8187957398702921,292.63854307020756,6.77976961590981
4-6000-5783-390
0.05372784738782273
1.21771240234375,0.5693999898389475,0.07168064,0.8187957398702921,292.63854307020756,6.77976961590981
4-6000-5783-420
0.054976067659156455
1.21771240234375,0.5693999898389475,0.07168064,0.8187957398702921,292.63854307020756,6.77976961590981
4-6000-5783-450
0.0565438707577974
1.21771240234375,0.5693999898389475,0.07168064,0.8187957398702921,292.63854307020756,6.77976961590981
4-6000-5783-480
0.05723983004363252
1.21771240234375,0.5693999898389475,0.07168064,0.8187957398702921,292.63854307020756,6.77976961590981
4-6000-5783-510
0.05844992977059844
1.21771240234375,0.5693999898389475,0.07168064,0.8187957398702921,292.63854307020756,6.77976961590981
4-6000-5795-4770
0.059817188022361585
1.38470458984375,0.5899761215261901,0.07696064,0.7400785387041116,349.6633364586375,6.33188613844053
4-6000-5795-4800
0.05876598730378325
1.38470458984375,0.5899761215261901,0.07696064,0.7400785387041116,349.6633364586375,6.33188613844053
4-6000-5795-4830
0.05768526261415842
1.38470458984375,0.5899761215261901,0.07696064,0.7400785387041116,349.6633364586375,6.33188613844053
4-6000-5795-4860
0.05644868440187078
1.38470458984375,0.5899761215261901,0.07696064,0.7400785387041116,349.6633364586375,6.33188613844053
4-6000-5795-4890
0.05504838070485612
1.38470458984375,0.5899761215261901,0.07696064,0.7400785387041116,349.6633364586375,6.33188613844053
4-6000-5795-4920
0.05387136426198871
1.38470458984375,0.5899761215261901,0.07696064,0.7400785387041116,349.6633364586375,6.33188613844053
4-6000-5795-4950
0.05299963970263345
1.38470458984375,0.5899761215261901,0.07696064,0.7400785387041116,349.6633364586375,6.33188613844053
4-6000-5795-4980
0.05246763253001948
1.38470458984375,0.5899761215261901,0.07696064,0.7400785387041116,349.6633364586375,6.33188613844053
4-6000-5795-5010
0.052195781986401395
1.38470458984375,0.5899761215261901,0.07696064,0.7400785387041116,349.6633364586375,6.33188613844053
4-6000-5795-5040
0.0517313888189255
1.38470458984375,0.5899761215261901,0.07696064,0.7400785387041116,349.6633364586375,6.33188613844053
4-6000-5795-5070
0.05106522833535464
1.38470458984375,0.5899761215261901,0.07696064,0.7400785387041116,349.6633364586375,6.33188613844053
4-6000-5795-5100
0.05031340031212843
1.38470458984375,0.5899761215261901,0.07696064,0.7400785387041116,349.6633364586375,6.33188613844053
4-6000-5795-5130
0.04977100475247703
1.38470458984375,0.5899761215261901,0.07696064,0.7400785387041116,349.6633364586375,6.33188613844053
4-6000-5795-5160
0.049507073129027024
1.38470458984375,0.5899761215261901,0.07696064,0.7400785387041116,349.6633364586375,6.33188613844053
4-6000-5795-5190
0.04957012225812012
1.38470458984375,0.5899761215261901,0.07696064,0.7400785387041116,349.6633364586375,6.33188613844053
4-6000-5795-5220
0.04989456420166495
1.38470458984375,0.5899761215261901,0.07696064,0.7400785387041116,349.6633364586375,6.33188613844053
4-6000-5795-5250
0.05010793837080243
1.38470458984375,0.5899761215261901,0.07696064,0.7400785387041116,349.6633364586375,6.33188613844053
4-6000-5795-5280
0.04996505950932208
1.38470458984375,0.5899761215261901,0.07696064,0.7400785387041116,349.6633364586375,6.33188613844053
4-6000-5795-5310
0.049752285670164674
1.38470458984375,0.5899761215261901,0.07696064,0.7400785387041116,349.6633364586375,6.33188613844053
4-6000-5795-5340
0.04957602501935748
1.38470458984375,0.5899761215261901,0.07696064,0.7400785387041116,349.6633364586375,6.33188613844053
4-6000-5795-5370
0.04955730159729303
1.38470458984375,0.5899761215261901,0.07696064,0.7400785387041116,349.6633364586375,6.33188613844053
4-6000-5795-5400
0.04972099611308272
1.38470458984375,0.5899761215261901,0.07696064,0.7400785387041116,349.6633364586375,6.33188613844053
4-6000-5795-5430
0.05011024544556155
1.38470458984375,0.5899761215261901,0.07696064,0.7400785387041116,349.6633364586375,6.33188613844053
4-6000-5795-5460
0.05076274389355667
1.38470458984375,0.5899761215261901,0.07696064,0.7400785387041116,349.6633364586375,6.33188613844053
4-6000-5795-5490
0.051579176979723265
1.38470458984375,0.5899761215261901,0.07696064,0.7400785387041116,349.6633364586375,6.33188613844053
4-6000-5795-5520
0.05245579814508236
1.38470458984375,0.5899761215261901,0.07696064,0.7400785387041116,349.6633364586375,6.33188613844053
4-6000-5795-5550
0.05313525963349098
1.38470458984375,0.5899761215261901,0.07696064,0.7400785387041116,349.6633364586375,6.33188613844053
4-6000-5795-5580
0.05355039624550784
1.38470458984375,0.5899761215261901,0.07696064,0.7400785387041116,349.6633364586375,6.33188613844053
4-6000-5795-5610
0.05402622723465706
1.38470458984375,0.5899761215261901,0.07696064,0.7400785387041116,349.6633364586375,6.33188613844053
4-6000-5795-5640
0.05450872005701832
1.38470458984375,0.5899761215261901,0.07696064,0.7400785387041116,349.6633364586375,6.33188613844053
4-6000-5795-5670
0.055027894370780636
1.38470458984375,0.5899761215261901,0.07696064,0.7400785387041116,349.6633364586375,6.33188613844053
4-6000-5795-5700
0.05564753402147509
1.38470458984375,0.5899761215261901,0.07696064,0.7400785387041116,349.6633364586375,6.33188613844053
4-6000-5795-5730
0.05636176586235173
1.38470458984375,0.5899761215261901,0.07696064,0.7400785387041116,349.6633364586375,6.33188613844053
4-6000-5795-5760
0.05717139355652493
1.38470458984375,0.5899761215261901,0.07696064,0.7400785387041116,349.6633364586375,6.33188613844053
4-6000-5795-5790
0.058079899472540206
1.38470458984375,0.5899761215261901,0.07696064,0.7400785387041116,349.6633364586375,6.33188613844053
4-6000-5795-5820
0.059078995944114684
1.38470458984375,0.5899761215261901,0.07696064,0.7400785387041116,349.6633364586375,6.33188613844053
4-6000-6131-180
0.059715592822105326
1.116729736328125,0.5148351369201849,0.05574464,0.974598169130209,307.53096845098753,6.428521410314765
4-6000-6131-210
0.05847852108102642
1.116729736328125,0.5148351369201849,0.05574464,0.974598169130209,307.53096845098753,6.428521410314765
4-6000-6131-240
0.05735241590460005
1.116729736328125,0.5148351369201849,0.05574464,0.974598169130209,307.53096845098753,6.428521410314765
4-6000-6131-270
0.05634027833121109
1.116729736328125,0.5148351369201849,0.05574464,0.974598169130209,307.53096845098753,6.428521410314765
4-6000-6131-300
0.05544917282440946
1.116729736328125,0.5148351369201849,0.05574464,0.974598169130209,307.53096845098753,6.428521410314765
4-6000-6131-330
0.05468735839632548
1.116729736328125,0.5148351369201849,0.05574464,0.974598169130209,307.53096845098753,6.428521410314765
4-6000-6131-360
0.054057277333912815
1.116729736328125,0.5148351369201849,0.05574464,0.974598169130209,307.53096845098753,6.428521410314765
4-6000-6131-390
0.053571366639361864
1.116729736328125,0.5148351369201849,0.05574464,0.974598169130209,307.53096845098753,6.428521410314765
4-6000-6131-420
0.05324463977588627
1.116729736328125,0.5148351369201849,0.05574464,0.974598169130209,307.53096845098753,6.428521410314765
4-6000-6131-450
0.053096492533127884
1.116729736328125,0.5148351369201849,0.05574464,0.974598169130209,307.53096845098753,6.428521410314765
4-6000-6131-480
0.05316078421184603
1.116729736328125,0.5148351369201849,0.05574464,0.974598169130209,307.53096845098753,6.428521410314765
4-6000-6131-510
0.053501080173749466
1.116729736328125,0.5148351369201849,0.05574464,0.974598169130209,307.53096845098753,6.428521410314765
4-6000-6131-540
0.054338140931873405
1.116729736328125,0.5148351369201849,0.05574464,0.974598169130209,307.53096845098753,6.428521410314765
4-6000-6131-570
0.05645839302490853
1.116729736328125,0.5148351369201849,0.05574464,0.974598169130209,307.53096845098753,6.428521410314765
4-6000-6131-600
0.056594712186042985
1.116729736328125,0.5148351369201849,0.05574464,0.974598169130209,307.53096845098753,6.428521410314765
4-6000-6131-630
0.05686177345992718
1.116729736328125,0.5148351369201849,0.05574464,0.974598169130209,307.53096845098753,6.428521410314765
4-6000-6131-660
0.057265116999429266
1.116729736328125,0.5148351369201849,0.05574464,0.974598169130209,307.53096845098753,6.428521410314765
4-6000-6131-690
0.057812749183962966
1.116729736328125,0.5148351369201849,0.05574464,0.974598169130209,307.53096845098753,6.428521410314765
4-6000-6131-720
0.0585199992322689
1.116729736328125,0.5148351369201849,0.05574464,0.974598169130209,307.53096845098753,6.428521410314765
4-6000-6131-750
0.05940435645777496
1.116729736328125,0.5148351369201849,0.05574464,0.974598169130209,307.53096845098753,6.428521410314765
4-6000-6314-810
0.059145041343675264
1.690216064453125,0.6358109366797065,0.05177984000000001,0.963799097314894,313.4219595035115,6.466755365708485
4-6000-6314-840
0.05791912180444733
1.690216064453125,0.6358109366797065,0.05177984000000001,0.963799097314894,313.4219595035115,6.466755365708485
4-6000-6314-870
0.05680389691914871
1.690216064453125,0.6358109366797065,0.05177984000000001,0.963799097314894,313.4219595035115,6.466755365708485
4-6000-6314-900
0.055804177076298686
1.690216064453125,0.6358109366797065,0.05177984000000001,0.963799097314894,313.4219595035115,6.466755365708485
4-6000-6314-930
0.05492762549748187
1.690216064453125,0.6358109366797065,0.05177984000000001,0.963799097314894,313.4219595035115,6.466755365708485
4-6000-6314-960
0.05417999077670368
1.690216064453125,0.6358109366797065,0.05177984000000001,0.963799097314894,313.4219595035115,6.466755365708485
4-6000-6314-990
0.05357193475487693
1.690216064453125,0.6358109366797065,0.05177984000000001,0.963799097314894,313.4219595035115,6.466755365708485
4-6000-6314-1020
0.053130935178997134
1.690216064453125,0.6358109366797065,0.05177984000000001,0.963799097314894,313.4219595035115,6.466755365708485
4-6000-6314-1050
0.05290691370505652
1.690216064453125,0.6358109366797065,0.05177984000000001,0.963799097314894,313.4219595035115,6.466755365708485
4-6000-6314-1080
0.05297098997013658
1.690216064453125,0.6358109366797065,0.05177984000000001,0.963799097314894,313.4219595035115,6.466755365708485
4-6000-6314-1110
0.05279676568576808
1.690216064453125,0.6358109366797065,0.05177984000000001,0.963799097314894,313.4219595035115,6.466755365708485
4-6000-6314-1140
0.05277230954288255
1.690216064453125,0.6358109366797065,0.05177984000000001,0.963799097314894,313.4219595035115,6.466755365708485
4-6000-6314-1170
0.0529088354281824
1.690216064453125,0.6358109366797065,0.05177984000000001,0.963799097314894,313.4219595035115,6.466755365708485
4-6000-6314-1200
0.05324250566932437
1.690216064453125,0.6358109366797065,0.05177984000000001,0.963799097314894,313.4219595035115,6.466755365708485
4-6000-6314-1230
0.05390963403242781
1.690216064453125,0.6358109366797065,0.05177984000000001,0.963799097314894,313.4219595035115,6.466755365708485
4-6000-6314-1260
0.0549674081100129
1.690216064453125,0.6358109366797065,0.05177984000000001,0.963799097314894,313.4219595035115,6.466755365708485
4-6000-6314-1290
0.055298346442186695
1.690216064453125,0.6358109366797065,0.05177984000000001,0.963799097314894,313.4219595035115,6.466755365708485
4-6000-6314-1320
0.05574546581523927
1.690216064453125,0.6358109366797065,0.05177984000000001,0.963799097314894,313.4219595035115,6.466755365708485
4-6000-6314-1350
0.056311432521252154
1.690216064453125,0.6358109366797065,0.05177984000000001,0.963799097314894,313.4219595035115,6.466755365708485
4-6000-6314-1380
0.05699762544822619
1.690216064453125,0.6358109366797065,0.05177984000000001,0.963799097314894,313.4219595035115,6.466755365708485
4-6000-6314-1410
0.05780868119373832
1.690216064453125,0.6358109366797065,0.05177984000000001,0.963799097314894,313.4219595035115,6.466755365708485
4-6000-6314-1440
0.0587495099436556
1.690216064453125,0.6358109366797065,0.05177984000000001,0.963799097314894,313.4219595035115,6.466755365708485
4-6000-6314-1470
0.059826017539854864
1.690216064453125,0.6358109366797065,0.05177984000000001,0.963799097314894,313.4219595035115,6.466755365708485
4-9000-2149-7695
0.059727389945711154
1.908477783203125,0.5018035868515978,0.06558464,0.5666431503880185,283.3543411714302,6.455831378453135
4-9000-2149-7740
0.05913802792891561
1.908477783203125,0.5018035868515978,0.06558464,0.5666431503880185,283.3543411714302,6.455831378453135
4-9000-2149-7785
0.05869525187712723
1.908477783203125,0.5018035868515978,0.06558464,0.5666431503880185,283.3543411714302,6.455831378453135
4-9000-2149-7830
0.05840877975015971
1.908477783203125,0.5018035868515978,0.06558464,0.5666431503880185,283.3543411714302,6.455831378453135
4-9000-2149-7875
0.05827544399534386
1.908477783203125,0.5018035868515978,0.06558464,0.5666431503880185,283.3543411714302,6.455831378453135
4-9000-2149-7920
0.058304715521900384
1.908477783203125,0.5018035868515978,0.06558464,0.5666431503880185,283.3543411714302,6.455831378453135
4-9000-2149-7965
0.05849912250637318
1.908477783203125,0.5018035868515978,0.06558464,0.5666431503880185,283.3543411714302,6.455831378453135
4-9000-2149-8010
0.056852489712197
1.908477783203125,0.5018035868515978,0.06558464,0.5666431503880185,283.3543411714302,6.455831378453135
4-9000-2149-8055
0.056450081532004676
1.908477783203125,0.5018035868515978,0.06558464,0.5666431503880185,283.3543411714302,6.455831378453135
4-9000-2149-8100
0.05650347746632901
1.908477783203125,0.5018035868515978,0.06558464,0.5666431503880185,283.3543411714302,6.455831378453135
4-9000-2149-8145
0.056855658682417265
1.908477783203125,0.5018035868515978,0.06558464,0.5666431503880185,283.3543411714302,6.455831378453135
4-9000-2149-8190
0.05747327614286039
1.908477783203125,0.5018035868515978,0.06558464,0.5666431503880185,283.3543411714302,6.455831378453135
4-9000-2149-8235
0.05834301000474258
1.908477783203125,0.5018035868515978,0.06558464,0.5666431503880185,283.3543411714302,6.455831378453135
4-9000-2149-8280
0.059444471294061
1.908477783203125,0.5018035868515978,0.06558464,0.5666431503880185,283.3543411714302,6.455831378453135
