1477760 369440
<enumerate object at 0x7f7f8422f3a8>
NN details:
Net(
  (fc1): Linear(in_features=800, out_features=200, bias=True)
  (fc2): Linear(in_features=200, out_features=100, bias=True)
  (fc3): Linear(in_features=100, out_features=20, bias=True)
  (fc4): Linear(in_features=20, out_features=6, bias=True)
)



[1, 1000] loss: 0.5209124049758173
[1, 2000] loss: 0.5136421830153427
[1, 3000] loss: 0.510909234870618
[1, 4000] loss: 0.5043158402042873
[1, 5000] loss: 0.4995451568196683
[1, 6000] loss: 0.4924505080676681
[1, 7000] loss: 0.49144557222469754
[1, 8000] loss: 0.49008019909185363
[1, 9000] loss: 0.490265205821941
[1, 10000] loss: 0.48752500869511634
[1, 11000] loss: 0.4868420447722901
[1, 12000] loss: 0.484192270341592
[1, 13000] loss: 0.4862040465467571
[1, 14000] loss: 0.48556042813517614
[1, 15000] loss: 0.4818827880086086
[1, 16000] loss: 0.4832023941491022
[1, 17000] loss: 0.4831281686839628
[1, 18000] loss: 0.4828493093402488
[1, 19000] loss: 0.4819335925301256
[1, 20000] loss: 0.48274685445576787
[1, 21000] loss: 0.482835869852427
[1, 22000] loss: 0.4823641277033087
[1, 23000] loss: 0.480795936478515
[1, 24000] loss: 0.4814303204794707
[1, 25000] loss: 0.48086926076881437
[1, 26000] loss: 0.4783458095531968
[1, 27000] loss: 0.4796207037632445
[1, 28000] loss: 0.47780815405429566
[1, 29000] loss: 0.4798729576302735
[1, 30000] loss: 0.4793494395551195
[1, 31000] loss: 0.4808585958305468
[1, 32000] loss: 0.4803307804623778
[1, 33000] loss: 0.48047782525705574
[1, 34000] loss: 0.47872520975129984
[1, 35000] loss: 0.47850130847897276
[1, 36000] loss: 0.4779828618389368
[1, 37000] loss: 0.47526513438443324
[1, 38000] loss: 0.4808386017042055
[1, 39000] loss: 0.4790217704553027
[1, 40000] loss: 0.47776799320048285
[1, 41000] loss: 0.4766447495017975
[1, 42000] loss: 0.47490695333706306
[1, 43000] loss: 0.47587341358478946
[1, 44000] loss: 0.4773979456733626
[1, 45000] loss: 0.47526601219366527
[1, 46000] loss: 0.47843915484119065
[1, 47000] loss: 0.47676236763133484
[1, 48000] loss: 0.47534715982692105
[1, 49000] loss: 0.47825742062311705
[1, 50000] loss: 0.4770307318781137
[1, 51000] loss: 0.4758475303549968
[1, 52000] loss: 0.47560085943498875
[1, 53000] loss: 0.4753905962343537
[1, 54000] loss: 0.47579664594450977
[1, 55000] loss: 0.47507305803947925
[1, 56000] loss: 0.4764599240560135
[1, 57000] loss: 0.4742795511980781
[1, 58000] loss: 0.47829132853446965
[1, 59000] loss: 0.4771208248831076
[1, 60000] loss: 0.47557009371462394
[1, 61000] loss: 0.47392664247243715
[1, 62000] loss: 0.4758194850922454
[1, 63000] loss: 0.47468131369575506
[1, 64000] loss: 0.4733516172264803
[1, 65000] loss: 0.4758875880469423
[1, 66000] loss: 0.47569838116701213
[1, 67000] loss: 0.47256872722094634
[1, 68000] loss: 0.47594055188388534
[1, 69000] loss: 0.4752557996713021
[1, 70000] loss: 0.47349747047049484
[1, 71000] loss: 0.4749221674029719
[1, 72000] loss: 0.4737700233800504
[1, 73000] loss: 0.47360626475840606
[1, 74000] loss: 0.4760338855335114
[1, 75000] loss: 0.47469209762996517
[1, 76000] loss: 0.47204511336713256
[1, 77000] loss: 0.47286760477312134
[1, 78000] loss: 0.47480589992771
[1, 79000] loss: 0.47269344261380253
[1, 80000] loss: 0.4738433753961908
[1, 81000] loss: 0.474516777991475
[1, 82000] loss: 0.47305733801462
[1, 83000] loss: 0.4733586020259655
[1, 84000] loss: 0.47357962066723047
[1, 85000] loss: 0.47462895738860433
[1, 86000] loss: 0.4740988426542957
[1, 87000] loss: 0.47212487735221975
[1, 88000] loss: 0.4746181838403724
[1, 89000] loss: 0.47349772699631393
[1, 90000] loss: 0.47396277201502707
[1, 91000] loss: 0.4733879820121692
[1, 92000] loss: 0.4732237027392186
[1, 93000] loss: 0.47482825788896627
[1, 94000] loss: 0.4730311468222193
[1, 95000] loss: 0.4725188454357975
[1, 96000] loss: 0.4739999656203346
[1, 97000] loss: 0.47366840866860355
[1, 98000] loss: 0.472413245417959
[1, 99000] loss: 0.47347603031576846
[1, 100000] loss: 0.47178310463835443
[1, 101000] loss: 0.47459904770223255
[1, 102000] loss: 0.47263858417289584
[1, 103000] loss: 0.4729217244253443
[1, 104000] loss: 0.47081159004805734
[1, 105000] loss: 0.47241048904472466
[1, 106000] loss: 0.4713639360225021
[1, 107000] loss: 0.472829404797626
[1, 108000] loss: 0.47430691655400026
[1, 109000] loss: 0.4748839102076546
[1, 110000] loss: 0.4745811695263643
[1, 111000] loss: 0.47333287198029506
[1, 112000] loss: 0.4733777190898825
[1, 113000] loss: 0.4730969703661351
[1, 114000] loss: 0.47544163270136797
[1, 115000] loss: 0.47304114950426124
[1, 116000] loss: 0.47231695742864105
[1, 117000] loss: 0.4712917470374256
[1, 118000] loss: 0.4736202575871165
[1, 119000] loss: 0.47255532715178966
[1, 120000] loss: 0.4715806723817054
[1, 121000] loss: 0.47063536980996135
[1, 122000] loss: 0.47106316637980883
[1, 123000] loss: 0.46848169054281874
[1, 124000] loss: 0.47092490316068425
[1, 125000] loss: 0.47100739826339616
[1, 126000] loss: 0.47338114088686795
[1, 127000] loss: 0.47285135487521956
[1, 128000] loss: 0.4724796502535883
[1, 129000] loss: 0.4737635077067068
[1, 130000] loss: 0.4735896262815611
[1, 131000] loss: 0.47404667524932576
[1, 132000] loss: 0.4712939694092906
[1, 133000] loss: 0.4715340658913129
[1, 134000] loss: 0.47207600140577144
[1, 135000] loss: 0.4715366000732825
[1, 136000] loss: 0.4723781562688848
[1, 137000] loss: 0.46952589760748176
[1, 138000] loss: 0.4728323738850604
[1, 139000] loss: 0.4708726175805878
[1, 140000] loss: 0.4713726713059726
[1, 141000] loss: 0.470675216009539
[1, 142000] loss: 0.47110269542184213
[1, 143000] loss: 0.4718610830354257
[1, 144000] loss: 0.47133516606089826
[1, 145000] loss: 0.4717083983939812
[1, 146000] loss: 0.4718842272010605
[1, 147000] loss: 0.4717461880636743
[1, 148000] loss: 0.4725245301985734
[1, 149000] loss: 0.4737066671314312
[1, 150000] loss: 0.472963290107378
[1, 151000] loss: 0.47188563460345
[1, 152000] loss: 0.4717143284546706
[1, 153000] loss: 0.4706293452946327
[1, 154000] loss: 0.4722757024706186
[1, 155000] loss: 0.4725523228098902
[1, 156000] loss: 0.46754141517189923
[1, 157000] loss: 0.47011094978590434
[1, 158000] loss: 0.47047840100265836
[1, 159000] loss: 0.4715296513668637
[1, 160000] loss: 0.47091407765866766
[1, 161000] loss: 0.4715241150592738
[1, 162000] loss: 0.4709295610596206
[1, 163000] loss: 0.47234788346392237
[1, 164000] loss: 0.4728492728760687
[1, 165000] loss: 0.46974219664667294
[1, 166000] loss: 0.4719159260315604
[1, 167000] loss: 0.4732828941629143
[1, 168000] loss: 0.4713363465438031
[1, 169000] loss: 0.46954567579576506
[1, 170000] loss: 0.4695648369496819
[1, 171000] loss: 0.4714162833898075
[1, 172000] loss: 0.469424387971853
[1, 173000] loss: 0.47080915704463655
[1, 174000] loss: 0.4707147201587535
[1, 175000] loss: 0.4726569685863963
[1, 176000] loss: 0.46966900143522566
[1, 177000] loss: 0.47031788893163784
[1, 178000] loss: 0.4684449933750035
[1, 179000] loss: 0.4722807648536981
[1, 180000] loss: 0.4677539601362633
[1, 181000] loss: 0.4723275661934979
[1, 182000] loss: 0.4705176203641256
[1, 183000] loss: 0.4710361147408663
[1, 184000] loss: 0.4680188872227477
[2, 1000] loss: 0.4710846240830173
[2, 2000] loss: 0.47117599725360026
[2, 3000] loss: 0.4700526921306504
[2, 4000] loss: 0.4699614854146822
[2, 5000] loss: 0.47138785914527903
[2, 6000] loss: 0.46894738745123726
[2, 7000] loss: 0.4710558175686082
[2, 8000] loss: 0.4723492824120109
[2, 9000] loss: 0.4703530453219172
[2, 10000] loss: 0.47051432681170885
[2, 11000] loss: 0.46875504064711226
[2, 12000] loss: 0.4712524038738268
[2, 13000] loss: 0.4703651079951347
[2, 14000] loss: 0.47222698734967156
[2, 15000] loss: 0.469654439067
[2, 16000] loss: 0.46824584413513526
[2, 17000] loss: 0.47070609224105747
[2, 18000] loss: 0.4724938242812765
[2, 19000] loss: 0.4672896796180405
[2, 20000] loss: 0.47012092383701953
[2, 21000] loss: 0.4696612144921361
[2, 22000] loss: 0.46809349292939423
[2, 23000] loss: 0.46842038511946466
[2, 24000] loss: 0.4704503879374348
[2, 25000] loss: 0.47379301945184366
[2, 26000] loss: 0.4704847658291073
[2, 27000] loss: 0.47001816257692225
[2, 28000] loss: 0.4697868342548129
[2, 29000] loss: 0.46871788613523757
[2, 30000] loss: 0.46915466036665304
[2, 31000] loss: 0.47087965362499695
[2, 32000] loss: 0.47135978897154734
[2, 33000] loss: 0.47082426216336476
[2, 34000] loss: 0.46842723045086937
[2, 35000] loss: 0.4675294694940874
[2, 36000] loss: 0.46936719614430933
[2, 37000] loss: 0.4678380262543256
[2, 38000] loss: 0.4710151819131959
[2, 39000] loss: 0.4687255470416932
[2, 40000] loss: 0.4698912638790551
[2, 41000] loss: 0.46913552723021096
[2, 42000] loss: 0.47034675961783934
[2, 43000] loss: 0.47054466562134745
[2, 44000] loss: 0.47002568794376576
[2, 45000] loss: 0.4664985804413452
[2, 46000] loss: 0.46865097799291494
[2, 47000] loss: 0.46833256694187947
[2, 48000] loss: 0.4699869314160979
[2, 49000] loss: 0.4698795845682045
[2, 50000] loss: 0.47118242329624044
[2, 51000] loss: 0.46910645303843507
[2, 52000] loss: 0.46873348800445525
[2, 53000] loss: 0.46971421857788653
[2, 54000] loss: 0.46926587841283984
[2, 55000] loss: 0.4692273446712939
[2, 56000] loss: 0.4708989137357666
[2, 57000] loss: 0.46941771850095715
[2, 58000] loss: 0.4684154891539214
[2, 59000] loss: 0.46765359826451697
[2, 60000] loss: 0.4712854666138332
[2, 61000] loss: 0.46832797768643575
[2, 62000] loss: 0.47093925384633717
[2, 63000] loss: 0.4704208939520652
[2, 64000] loss: 0.46817831448314884
[2, 65000] loss: 0.46748940447903636
[2, 66000] loss: 0.47058894798623746
[2, 67000] loss: 0.46977990855914065
[2, 68000] loss: 0.4696570696237358
[2, 69000] loss: 0.4710806584716774
[2, 70000] loss: 0.4710297834252678
[2, 71000] loss: 0.4706390532913482
[2, 72000] loss: 0.4695067578567956
[2, 73000] loss: 0.4673375241599777
[2, 74000] loss: 0.46847609014343433
[2, 75000] loss: 0.46674943899455157
[2, 76000] loss: 0.4677749992949807
[2, 77000] loss: 0.46573342092880204
[2, 78000] loss: 0.46852828352466225
[2, 79000] loss: 0.47089522632041236
[2, 80000] loss: 0.46774868011583953
[2, 81000] loss: 0.46551457779754063
[2, 82000] loss: 0.47048614843311404
[2, 83000] loss: 0.4682760790978904
[2, 84000] loss: 0.46817264811225867
[2, 85000] loss: 0.46717813154921084
[2, 86000] loss: 0.46868375001888446
[2, 87000] loss: 0.46979726274050543
[2, 88000] loss: 0.46938541715371934
[2, 89000] loss: 0.4675994049804228
[2, 90000] loss: 0.4700661647869247
[2, 91000] loss: 0.4661197223747467
[2, 92000] loss: 0.4684695963167236
[2, 93000] loss: 0.46831792209163475
[2, 94000] loss: 0.4694463453405528
[2, 95000] loss: 0.4677781218299629
[2, 96000] loss: 0.47054302117103675
[2, 97000] loss: 0.4682391477928805
[2, 98000] loss: 0.46863595331314595
[2, 99000] loss: 0.4681572679208062
[2, 100000] loss: 0.46950043893202387
[2, 101000] loss: 0.46757318276535237
[2, 102000] loss: 0.46783096534955326
[2, 103000] loss: 0.46762705260968546
[2, 104000] loss: 0.46780006147926373
[2, 105000] loss: 0.4652073002432892
[2, 106000] loss: 0.4690631292201273
[2, 107000] loss: 0.46962524533676
[2, 108000] loss: 0.46937516906875304
[2, 109000] loss: 0.46532540968557917
[2, 110000] loss: 0.46863819530579576
[2, 111000] loss: 0.4680120033603178
[2, 112000] loss: 0.4709949788171907
[2, 113000] loss: 0.46943391086560515
[2, 114000] loss: 0.4679248806559698
[2, 115000] loss: 0.46746713375068377
[2, 116000] loss: 0.4671429663681691
[2, 117000] loss: 0.4690897326552361
[2, 118000] loss: 0.4666839575340611
[2, 119000] loss: 0.46934904056853965
[2, 120000] loss: 0.46660874861695656
[2, 121000] loss: 0.46873718686863847
[2, 122000] loss: 0.4689876596977534
[2, 123000] loss: 0.46576216358207134
[2, 124000] loss: 0.46598958498113474
[2, 125000] loss: 0.46786211095462266
[2, 126000] loss: 0.46881300559727157
[2, 127000] loss: 0.46996360048102465
[2, 128000] loss: 0.46879407556515457
[2, 129000] loss: 0.46868779179700226
[2, 130000] loss: 0.4679234997032918
[2, 131000] loss: 0.4715965423592819
[2, 132000] loss: 0.4688137723041216
[2, 133000] loss: 0.46963221292331403
[2, 134000] loss: 0.46719508164867424
[2, 135000] loss: 0.4656853469625156
[2, 136000] loss: 0.4685469386067934
[2, 137000] loss: 0.46753741144776
[2, 138000] loss: 0.4676004340653707
[2, 139000] loss: 0.46608883894409237
[2, 140000] loss: 0.46664809208409125
[2, 141000] loss: 0.467582314857287
[2, 142000] loss: 0.46867306360023975
[2, 143000] loss: 0.467061036654711
[2, 144000] loss: 0.4675869112601218
[2, 145000] loss: 0.46719484159050245
[2, 146000] loss: 0.46735325535025185
[2, 147000] loss: 0.46770532088393996
[2, 148000] loss: 0.46915279391427955
[2, 149000] loss: 0.4656276252736721
[2, 150000] loss: 0.4702394608657473
[2, 151000] loss: 0.4678645653921883
[2, 152000] loss: 0.4677850630737709
[2, 153000] loss: 0.4634541124307473
[2, 154000] loss: 0.4684650246232623
[2, 155000] loss: 0.46656328334770475
[2, 156000] loss: 0.46671419457397545
[2, 157000] loss: 0.4678842098855689
[2, 158000] loss: 0.4676978500595347
[2, 159000] loss: 0.46886234852597947
[2, 160000] loss: 0.4687291936685347
[2, 161000] loss: 0.46781024119034775
[2, 162000] loss: 0.4657865557565725
[2, 163000] loss: 0.47076624985802784
[2, 164000] loss: 0.46669415022317484
[2, 165000] loss: 0.4663029777591564
[2, 166000] loss: 0.4675117460534465
[2, 167000] loss: 0.46683829021742046
[2, 168000] loss: 0.4693080604931623
[2, 169000] loss: 0.46897519875969795
[2, 170000] loss: 0.46858990172036474
[2, 171000] loss: 0.46929477244836265
[2, 172000] loss: 0.46662981832037187
[2, 173000] loss: 0.46571815972864844
[2, 174000] loss: 0.46757908673625265
[2, 175000] loss: 0.4665101791948427
[2, 176000] loss: 0.46592050617387926
[2, 177000] loss: 0.4665764960396359
[2, 178000] loss: 0.4638945774684322
[2, 179000] loss: 0.4655832923863766
[2, 180000] loss: 0.4671786349140898
[2, 181000] loss: 0.4676365641090057
[2, 182000] loss: 0.467477551801206
[2, 183000] loss: 0.46814103038975274
[2, 184000] loss: 0.46772483699239126
[3, 1000] loss: 0.46732072310769274
[3, 2000] loss: 0.4664323311492254
[3, 3000] loss: 0.46783013659204314
[3, 4000] loss: 0.4678277387953057
[3, 5000] loss: 0.4689241634910208
[3, 6000] loss: 0.4678241587159626
[3, 7000] loss: 0.4683159779434791
[3, 8000] loss: 0.47030698022657774
[3, 9000] loss: 0.46670781964482877
[3, 10000] loss: 0.4698719280186385
[3, 11000] loss: 0.4673139607648689
[3, 12000] loss: 0.4654147186643365
[3, 13000] loss: 0.4680571579805883
[3, 14000] loss: 0.46678127504863426
[3, 15000] loss: 0.46706858740988366
[3, 16000] loss: 0.46775775758218374
[3, 17000] loss: 0.46698468747813454
[3, 18000] loss: 0.46640214628689997
[3, 19000] loss: 0.46752246648286444
[3, 20000] loss: 0.4698061138404501
[3, 21000] loss: 0.4664112774187479
[3, 22000] loss: 0.4650885703643472
[3, 23000] loss: 0.46759877362558694
[3, 24000] loss: 0.4684960236159444
[3, 25000] loss: 0.46533558781194445
[3, 26000] loss: 0.4640765744807994
[3, 27000] loss: 0.46768632426811824
[3, 28000] loss: 0.4682518150432154
[3, 29000] loss: 0.46758842187541816
[3, 30000] loss: 0.4669269493080155
[3, 31000] loss: 0.4661511040405739
[3, 32000] loss: 0.4681412933888378
[3, 33000] loss: 0.46849657507238535
[3, 34000] loss: 0.4669609873562453
[3, 35000] loss: 0.46572050367599127
[3, 36000] loss: 0.4664706838531167
[3, 37000] loss: 0.4667695875978023
[3, 38000] loss: 0.46743009214229186
[3, 39000] loss: 0.4689900222844443
[3, 40000] loss: 0.46779030073727695
[3, 41000] loss: 0.46804925761353333
[3, 42000] loss: 0.4663111407932462
[3, 43000] loss: 0.4687910786124134
[3, 44000] loss: 0.468169628153521
[3, 45000] loss: 0.46633358631590216
[3, 46000] loss: 0.4675786185038888
[3, 47000] loss: 0.4672577173096572
[3, 48000] loss: 0.46488924036279006
[3, 49000] loss: 0.4685292816495225
[3, 50000] loss: 0.46527738921461953
[3, 51000] loss: 0.46672268982277876
[3, 52000] loss: 0.4665120720495147
[3, 53000] loss: 0.4677383617100586
[3, 54000] loss: 0.4631916802635918
[3, 55000] loss: 0.4672421295368287
[3, 56000] loss: 0.46749844972607585
[3, 57000] loss: 0.4666071765497958
[3, 58000] loss: 0.47148670214534105
[3, 59000] loss: 0.4647640621247822
[3, 60000] loss: 0.4658790384567093
[3, 61000] loss: 0.4669876510195551
[3, 62000] loss: 0.46448114737505125
[3, 63000] loss: 0.4670294267934846
[3, 64000] loss: 0.4654111570562275
[3, 65000] loss: 0.4680133985712929
[3, 66000] loss: 0.46769019065444384
[3, 67000] loss: 0.4659757340180963
[3, 68000] loss: 0.4662177720670326
[3, 69000] loss: 0.4661202984531311
[3, 70000] loss: 0.4659046809676489
[3, 71000] loss: 0.4672055074079247
[3, 72000] loss: 0.4686504053088955
[3, 73000] loss: 0.4650046011851597
[3, 74000] loss: 0.46755982252015166
[3, 75000] loss: 0.4662695120901867
[3, 76000] loss: 0.4646776360241915
[3, 77000] loss: 0.467664166586705
[3, 78000] loss: 0.4673104824170791
[3, 79000] loss: 0.4679994403403769
[3, 80000] loss: 0.4651483131972067
[3, 81000] loss: 0.46760892236619117
[3, 82000] loss: 0.46434359064489383
[3, 83000] loss: 0.4670111619455199
[3, 84000] loss: 0.4682988350710077
[3, 85000] loss: 0.4659215373912717
[3, 86000] loss: 0.466567806296801
[3, 87000] loss: 0.4693243250221493
[3, 88000] loss: 0.4659624047181883
[3, 89000] loss: 0.46564572791508935
[3, 90000] loss: 0.4666921927386534
[3, 91000] loss: 0.4656396713855131
[3, 92000] loss: 0.46860718091829384
[3, 93000] loss: 0.4684763241244946
[3, 94000] loss: 0.46703137688979135
[3, 95000] loss: 0.46848401178597493
[3, 96000] loss: 0.46580408562154924
[3, 97000] loss: 0.4681368618412257
[3, 98000] loss: 0.46809415062201637
[3, 99000] loss: 0.4678138225702995
[3, 100000] loss: 0.4657070094635677
[3, 101000] loss: 0.4658855440777246
[3, 102000] loss: 0.4643394760609918
[3, 103000] loss: 0.46720758126886747
[3, 104000] loss: 0.46840780653764497
[3, 105000] loss: 0.46815687121750144
[3, 106000] loss: 0.46615940018016006
[3, 107000] loss: 0.4665541954571488
[3, 108000] loss: 0.46838595545021267
[3, 109000] loss: 0.46600581259561746
[3, 110000] loss: 0.4659039304161513
[3, 111000] loss: 0.46656343620764446
[3, 112000] loss: 0.46879751071326115
[3, 113000] loss: 0.4660938874391719
[3, 114000] loss: 0.4657012866861529
[3, 115000] loss: 0.46650865185847085
[3, 116000] loss: 0.4657135552592432
[3, 117000] loss: 0.464026726268767
[3, 118000] loss: 0.4661069348798154
[3, 119000] loss: 0.46579323161253516
[3, 120000] loss: 0.46701447952038494
[3, 121000] loss: 0.46682143724504577
[3, 122000] loss: 0.4667407672623212
[3, 123000] loss: 0.465871088344892
[3, 124000] loss: 0.46655099213357637
[3, 125000] loss: 0.4681965704178899
[3, 126000] loss: 0.4659667621168338
[3, 127000] loss: 0.4655252489675831
[3, 128000] loss: 0.46623398123853144
[3, 129000] loss: 0.4683685485567764
[3, 130000] loss: 0.46785477883993243
[3, 131000] loss: 0.4664926769088384
[3, 132000] loss: 0.4632361801799349
[3, 133000] loss: 0.46721066567227854
[3, 134000] loss: 0.4669742260326139
[3, 135000] loss: 0.4652024169877013
[3, 136000] loss: 0.4661115842422966
[3, 137000] loss: 0.4676432919844388
[3, 138000] loss: 0.46546007827499297
[3, 139000] loss: 0.4660950650716479
[3, 140000] loss: 0.4663546210005931
[3, 141000] loss: 0.4655275269894303
[3, 142000] loss: 0.4656156591007711
[3, 143000] loss: 0.46652718481923444
[3, 144000] loss: 0.46748338182265936
[3, 145000] loss: 0.46671679762857027
[3, 146000] loss: 0.46602466016270944
[3, 147000] loss: 0.46804745126293
[3, 148000] loss: 0.4642891352682473
[3, 149000] loss: 0.46551748818348515
[3, 150000] loss: 0.46717475955210935
[3, 151000] loss: 0.46320218500233157
[3, 152000] loss: 0.46815824750811796
[3, 153000] loss: 0.4658608668421043
[3, 154000] loss: 0.46564805614164595
[3, 155000] loss: 0.46769182595547226
[3, 156000] loss: 0.46551612829292804
[3, 157000] loss: 0.4677553743308254
[3, 158000] loss: 0.46584367905945495
[3, 159000] loss: 0.4686327525942253
[3, 160000] loss: 0.4686190200560295
[3, 161000] loss: 0.46527655267830803
[3, 162000] loss: 0.46529252637729
[3, 163000] loss: 0.46499167618390624
[3, 164000] loss: 0.46545337720800256
[3, 165000] loss: 0.4667747186807597
[3, 166000] loss: 0.4658289422490943
[3, 167000] loss: 0.4665623849046834
[3, 168000] loss: 0.4664030723089316
[3, 169000] loss: 0.46634453340018833
[3, 170000] loss: 0.46539363573707776
[3, 171000] loss: 0.4676256213838973
[3, 172000] loss: 0.4657058563972753
[3, 173000] loss: 0.4650878798108402
[3, 174000] loss: 0.4655098556541819
[3, 175000] loss: 0.4666250670584209
[3, 176000] loss: 0.46480612076569516
[3, 177000] loss: 0.4642094972207839
[3, 178000] loss: 0.4638077442589794
[3, 179000] loss: 0.46525267384770624
[3, 180000] loss: 0.46641171608841875
[3, 181000] loss: 0.46652976731160667
[3, 182000] loss: 0.46411807368974733
[3, 183000] loss: 0.4639010078481596
[3, 184000] loss: 0.4654177261268377
[4, 1000] loss: 0.4666227915760414
[4, 2000] loss: 0.46937431526113554
[4, 3000] loss: 0.4650970661718193
[4, 4000] loss: 0.46460406268993487
[4, 5000] loss: 0.46682784088240364
[4, 6000] loss: 0.465091601062161
[4, 7000] loss: 0.4654603316302978
[4, 8000] loss: 0.46483639536328575
[4, 9000] loss: 0.4658137734019391
[4, 10000] loss: 0.46515091441896966
[4, 11000] loss: 0.4635305482609905
[4, 12000] loss: 0.46559061467232266
[4, 13000] loss: 0.4631439583793899
[4, 14000] loss: 0.4673064658813444
[4, 15000] loss: 0.46643399761040905
[4, 16000] loss: 0.4633503579865764
[4, 17000] loss: 0.4658242218079884
[4, 18000] loss: 0.4673657233289302
[4, 19000] loss: 0.46496013104896017
[4, 20000] loss: 0.467516126767471
[4, 21000] loss: 0.4672541759368174
[4, 22000] loss: 0.46625281712003513
[4, 23000] loss: 0.46594474533915364
[4, 24000] loss: 0.4673494176533538
[4, 25000] loss: 0.46718813814839344
[4, 26000] loss: 0.46548473461374956
[4, 27000] loss: 0.465792667982044
[4, 28000] loss: 0.46443753889853007
[4, 29000] loss: 0.4659490739705262
[4, 30000] loss: 0.46600249353335643
[4, 31000] loss: 0.46532440808480313
[4, 32000] loss: 0.46621765214869526
[4, 33000] loss: 0.46795430122954923
[4, 34000] loss: 0.4658238853042244
[4, 35000] loss: 0.4671226178036003
[4, 36000] loss: 0.4646959176480179
[4, 37000] loss: 0.4644420183208847
[4, 38000] loss: 0.4665478251511314
[4, 39000] loss: 0.4659689961548382
[4, 40000] loss: 0.46363446326444085
[4, 41000] loss: 0.4636902278866816
[4, 42000] loss: 0.46266362353975504
[4, 43000] loss: 0.46590219749610956
[4, 44000] loss: 0.46373882873710814
[4, 45000] loss: 0.46595057962416586
[4, 46000] loss: 0.4642787968112176
[4, 47000] loss: 0.4676523490068578
[4, 48000] loss: 0.46527377211498167
[4, 49000] loss: 0.4638253235239163
[4, 50000] loss: 0.46759983393756205
[4, 51000] loss: 0.4652963278138094
[4, 52000] loss: 0.46605660545901567
[4, 53000] loss: 0.463700624394748
[4, 54000] loss: 0.4650662361019961
[4, 55000] loss: 0.4644127758635211
[4, 56000] loss: 0.4666465124055451
[4, 57000] loss: 0.4663565063185255
[4, 58000] loss: 0.46600187470699134
[4, 59000] loss: 0.4668771993356126
[4, 60000] loss: 0.4673469565695166
[4, 61000] loss: 0.462861552620282
[4, 62000] loss: 0.4647390669463332
[4, 63000] loss: 0.46525586272985947
[4, 64000] loss: 0.467754467215096
[4, 65000] loss: 0.4657336381833186
[4, 66000] loss: 0.4669059777093399
[4, 67000] loss: 0.4656221150166405
[4, 68000] loss: 0.46579928076124055
[4, 69000] loss: 0.46494827570147657
[4, 70000] loss: 0.46643947458431184
[4, 71000] loss: 0.46659874134883644
[4, 72000] loss: 0.4643657208316134
[4, 73000] loss: 0.46578485537887815
[4, 74000] loss: 0.46582514533488995
[4, 75000] loss: 0.4643866838899488
[4, 76000] loss: 0.4642592329492796
[4, 77000] loss: 0.46528154753814116
[4, 78000] loss: 0.46665114335697805
[4, 79000] loss: 0.4663096795103497
[4, 80000] loss: 0.46535305636875884
[4, 81000] loss: 0.4636910220139322
[4, 82000] loss: 0.4638503976539063
[4, 83000] loss: 0.46539223928140283
[4, 84000] loss: 0.46734339100809186
[4, 85000] loss: 0.466221123201249
[4, 86000] loss: 0.46560219659298674
[4, 87000] loss: 0.4638659113063278
[4, 88000] loss: 0.46527142250303694
[4, 89000] loss: 0.4664697759088962
[4, 90000] loss: 0.46593716185785083
[4, 91000] loss: 0.46521017212859617
[4, 92000] loss: 0.467670672899518
[4, 93000] loss: 0.4629315712177774
[4, 94000] loss: 0.46561375800011434
[4, 95000] loss: 0.4668637451020786
[4, 96000] loss: 0.4655408539313274
[4, 97000] loss: 0.465361356117241
[4, 98000] loss: 0.46589440954848976
[4, 99000] loss: 0.46790668382925693
[4, 100000] loss: 0.4670763805210391
[4, 101000] loss: 0.4662865755615487
[4, 102000] loss: 0.4677785770232135
[4, 103000] loss: 0.4658718818329915
[4, 104000] loss: 0.4658352952210681
[4, 105000] loss: 0.46372305403343755
[4, 106000] loss: 0.4636929161041439
[4, 107000] loss: 0.4665955205368793
[4, 108000] loss: 0.46811885073529885
[4, 109000] loss: 0.4633077000817466
[4, 110000] loss: 0.46676542279025834
[4, 111000] loss: 0.46611199886706445
[4, 112000] loss: 0.463412122003956
[4, 113000] loss: 0.46485870203011304
[4, 114000] loss: 0.4637795554291346
[4, 115000] loss: 0.4665631957059691
[4, 116000] loss: 0.46401413110494727
[4, 117000] loss: 0.4661811006359561
[4, 118000] loss: 0.4651333939397622
[4, 119000] loss: 0.46670424065953103
[4, 120000] loss: 0.4667950694063855
[4, 121000] loss: 0.4638419516325219
[4, 122000] loss: 0.46300190344148606
[4, 123000] loss: 0.46478454945535286
[4, 124000] loss: 0.46531723380997114
[4, 125000] loss: 0.4656753868333202
[4, 126000] loss: 0.46387504084214326
[4, 127000] loss: 0.46664578683574315
[4, 128000] loss: 0.4653052613351951
[4, 129000] loss: 0.464016576346379
[4, 130000] loss: 0.4633326789425956
[4, 131000] loss: 0.465329307963522
[4, 132000] loss: 0.46582105397508494
[4, 133000] loss: 0.4663385521285166
[4, 134000] loss: 0.4651666343064639
[4, 135000] loss: 0.46530089293042887
[4, 136000] loss: 0.46409219463079704
[4, 137000] loss: 0.4643243308009427
[4, 138000] loss: 0.4658318870112462
[4, 139000] loss: 0.4658051350113191
[4, 140000] loss: 0.4648900578061104
[4, 141000] loss: 0.463128994024831
[4, 142000] loss: 0.4660960533289158
[4, 143000] loss: 0.46492324037354027
[4, 144000] loss: 0.46494600780283396
[4, 145000] loss: 0.465334888277342
[4, 146000] loss: 0.46600648121067206
[4, 147000] loss: 0.4655735613096953
[4, 148000] loss: 0.46404005508139706
[4, 149000] loss: 0.46686631195298056
[4, 150000] loss: 0.46513913516058336
[4, 151000] loss: 0.4651306299044326
[4, 152000] loss: 0.4668228430254656
[4, 153000] loss: 0.4650136993204147
[4, 154000] loss: 0.46395574164346787
[4, 155000] loss: 0.46439578171995005
[4, 156000] loss: 0.4649438796625482
[4, 157000] loss: 0.46647629870637536
[4, 158000] loss: 0.4656316759742656
[4, 159000] loss: 0.46779788061026073
[4, 160000] loss: 0.4651074768186613
[4, 161000] loss: 0.46483253942265285
[4, 162000] loss: 0.4649135396495223
[4, 163000] loss: 0.46381187251734113
[4, 164000] loss: 0.4649603980668681
[4, 165000] loss: 0.466137973008737
[4, 166000] loss: 0.46647249891777265
[4, 167000] loss: 0.46528106537974695
[4, 168000] loss: 0.4644828688229173
[4, 169000] loss: 0.46361224095073206
[4, 170000] loss: 0.4638424823545266
[4, 171000] loss: 0.46578323098086755
[4, 172000] loss: 0.4650136276766075
[4, 173000] loss: 0.46558679739576647
[4, 174000] loss: 0.4630358000328315
[4, 175000] loss: 0.46367441520257946
[4, 176000] loss: 0.4634513424077916
[4, 177000] loss: 0.4618638824417911
[4, 178000] loss: 0.46455547327937036
[4, 179000] loss: 0.466152088070922
[4, 180000] loss: 0.4645643337173557
[4, 181000] loss: 0.4639351398409115
[4, 182000] loss: 0.464073897643063
[4, 183000] loss: 0.4653249225244708
[4, 184000] loss: 0.4626080816487622
[5, 1000] loss: 0.465643195812018
[5, 2000] loss: 0.46480543559427473
[5, 3000] loss: 0.46502695523730714
[5, 4000] loss: 0.46633747859450775
[5, 5000] loss: 0.46547263599839467
[5, 6000] loss: 0.46505104105584155
[5, 7000] loss: 0.4640651651119567
[5, 8000] loss: 0.4644669083821667
[5, 9000] loss: 0.4641057905130876
[5, 10000] loss: 0.465950492949732
[5, 11000] loss: 0.4659927373751355
[5, 12000] loss: 0.4636614896260767
[5, 13000] loss: 0.4634870621969472
[5, 14000] loss: 0.4646490792223509
[5, 15000] loss: 0.4654675390452876
[5, 16000] loss: 0.4629035135707691
[5, 17000] loss: 0.46457045389484347
[5, 18000] loss: 0.4659339929575727
[5, 19000] loss: 0.46459699707958274
[5, 20000] loss: 0.465243326297098
[5, 21000] loss: 0.4633643345390004
[5, 22000] loss: 0.4657672288428825
[5, 23000] loss: 0.46443876371730924
[5, 24000] loss: 0.4664898636518451
[5, 25000] loss: 0.4659325416476004
[5, 26000] loss: 0.4646077641640675
[5, 27000] loss: 0.46486617788834195
[5, 28000] loss: 0.4639841145442724
[5, 29000] loss: 0.4648869724090827
[5, 30000] loss: 0.4646759526136241
[5, 31000] loss: 0.4656150154187812
[5, 32000] loss: 0.46483034569884185
[5, 33000] loss: 0.4644050035752479
[5, 34000] loss: 0.4639051672172555
[5, 35000] loss: 0.46342158738116485
[5, 36000] loss: 0.4660043378319292
[5, 37000] loss: 0.46518208620590007
[5, 38000] loss: 0.4626451614743217
[5, 39000] loss: 0.46596241633063573
[5, 40000] loss: 0.46446017012016094
[5, 41000] loss: 0.46493792222743086
[5, 42000] loss: 0.46470081641754124
[5, 43000] loss: 0.4643915816285397
[5, 44000] loss: 0.46434807491379565
[5, 45000] loss: 0.46464598994291434
[5, 46000] loss: 0.4638245200981919
[5, 47000] loss: 0.4618211659141854
[5, 48000] loss: 0.4647346566709868
[5, 49000] loss: 0.46609431523705924
[5, 50000] loss: 0.4649222261537768
[5, 51000] loss: 0.46533222731096624
[5, 52000] loss: 0.4636318673000558
[5, 53000] loss: 0.466294452171916
[5, 54000] loss: 0.4640605794056126
[5, 55000] loss: 0.46593997601567455
[5, 56000] loss: 0.46371048534150794
[5, 57000] loss: 0.465018742730606
[5, 58000] loss: 0.463870888681299
[5, 59000] loss: 0.4640674032296569
[5, 60000] loss: 0.46285601852051406
[5, 61000] loss: 0.4647193498726035
[5, 62000] loss: 0.46387068967334183
[5, 63000] loss: 0.46309351239127383
[5, 64000] loss: 0.46389989689317845
[5, 65000] loss: 0.4638703920141439
[5, 66000] loss: 0.4626318945289499
[5, 67000] loss: 0.46357659377970944
[5, 68000] loss: 0.46516716730572844
[5, 69000] loss: 0.46400588654964375
[5, 70000] loss: 0.4662075258391903
[5, 71000] loss: 0.4638694265137334
[5, 72000] loss: 0.4645724348767512
[5, 73000] loss: 0.46364517815403833
[5, 74000] loss: 0.466177694491689
[5, 75000] loss: 0.46470089430916567
[5, 76000] loss: 0.4637491795440374
[5, 77000] loss: 0.4659753467178236
[5, 78000] loss: 0.4635776262362409
[5, 79000] loss: 0.46391747970222924
[5, 80000] loss: 0.46310053473367846
[5, 81000] loss: 0.46457278731258206
[5, 82000] loss: 0.4643178251381696
[5, 83000] loss: 0.46317863888447025
[5, 84000] loss: 0.46410437350712175
[5, 85000] loss: 0.4661722713226225
[5, 86000] loss: 0.463528424021093
[5, 87000] loss: 0.4639569870507541
[5, 88000] loss: 0.46419259151305003
[5, 89000] loss: 0.4651414738981926
[5, 90000] loss: 0.4644351682765763
[5, 91000] loss: 0.4648404278995563
[5, 92000] loss: 0.4640926207983095
[5, 93000] loss: 0.46405123285673305
[5, 94000] loss: 0.4655670306002982
[5, 95000] loss: 0.46610587465378794
[5, 96000] loss: 0.46478685649847895
[5, 97000] loss: 0.4662787725691539
[5, 98000] loss: 0.4625851604513644
[5, 99000] loss: 0.46239923451310294
[5, 100000] loss: 0.46354468082927647
[5, 101000] loss: 0.46235948973181007
[5, 102000] loss: 0.4675743911551198
[5, 103000] loss: 0.46385411814571076
[5, 104000] loss: 0.4637781412493859
[5, 105000] loss: 0.46268709042182815
[5, 106000] loss: 0.4639250455451372
[5, 107000] loss: 0.466393797318624
[5, 108000] loss: 0.4634974698180889
[5, 109000] loss: 0.4636528990535066
[5, 110000] loss: 0.46603485936845895
[5, 111000] loss: 0.4632880837973824
[5, 112000] loss: 0.4645586401997828
[5, 113000] loss: 0.46332074442891047
[5, 114000] loss: 0.46418243034405576
[5, 115000] loss: 0.46397973707409085
[5, 116000] loss: 0.46417936890973627
[5, 117000] loss: 0.4640583742341968
[5, 118000] loss: 0.463986161215638
[5, 119000] loss: 0.46420141711327056
[5, 120000] loss: 0.4632495323598011
[5, 121000] loss: 0.46401629192269583
[5, 122000] loss: 0.46460913399685994
[5, 123000] loss: 0.46284771572357425
[5, 124000] loss: 0.4652963091094959
[5, 125000] loss: 0.46453568635163683
[5, 126000] loss: 0.46649931118613064
[5, 127000] loss: 0.4638681868101562
[5, 128000] loss: 0.4664255823162956
[5, 129000] loss: 0.4639850264743327
[5, 130000] loss: 0.4634421103731159
[5, 131000] loss: 0.46629222420124267
[5, 132000] loss: 0.4630830332127612
[5, 133000] loss: 0.4650687834367862
[5, 134000] loss: 0.4620077001763376
[5, 135000] loss: 0.46618506193999104
[5, 136000] loss: 0.46530334911361276
[5, 137000] loss: 0.4631348767770676
[5, 138000] loss: 0.46581991144257423
[5, 139000] loss: 0.4629026364484784
[5, 140000] loss: 0.46565137365268255
[5, 141000] loss: 0.46334814214054315
[5, 142000] loss: 0.4644061614656144
[5, 143000] loss: 0.46502012241665447
[5, 144000] loss: 0.46471453951810116
[5, 145000] loss: 0.46204075354058
[5, 146000] loss: 0.464948192776968
[5, 147000] loss: 0.4615691104542316
[5, 148000] loss: 0.4650167747816339
[5, 149000] loss: 0.4645992519805093
[5, 150000] loss: 0.46331567139946067
[5, 151000] loss: 0.46406736044196967
[5, 152000] loss: 0.4654400124957655
[5, 153000] loss: 0.46321024350501966
[5, 154000] loss: 0.46220470423821197
[5, 155000] loss: 0.4636040238492972
[5, 156000] loss: 0.46388968400525066
[5, 157000] loss: 0.46365307311747667
[5, 158000] loss: 0.4629951027014432
[5, 159000] loss: 0.4632229272941318
[5, 160000] loss: 0.46339163061842703
[5, 161000] loss: 0.4641538643897318
[5, 162000] loss: 0.4657151507522237
[5, 163000] loss: 0.4630401784286943
[5, 164000] loss: 0.46639903473764444
[5, 165000] loss: 0.46463145451573323
[5, 166000] loss: 0.464725903237748
[5, 167000] loss: 0.4643560749880049
[5, 168000] loss: 0.4645896443149625
[5, 169000] loss: 0.46364197168107635
[5, 170000] loss: 0.4652608075892052
[5, 171000] loss: 0.4653671536235497
[5, 172000] loss: 0.4638583938532222
[5, 173000] loss: 0.46622687308744976
[5, 174000] loss: 0.4654545857196727
[5, 175000] loss: 0.46442287244263136
[5, 176000] loss: 0.46623526323571607
[5, 177000] loss: 0.463939790245152
[5, 178000] loss: 0.46538088627860547
[5, 179000] loss: 0.4661920021450902
[5, 180000] loss: 0.4630371840794939
[5, 181000] loss: 0.4654313957236852
[5, 182000] loss: 0.46345003788006517
[5, 183000] loss: 0.4639255961833534
[5, 184000] loss: 0.46345165578060155
[6, 1000] loss: 0.4627307003746152
[6, 2000] loss: 0.46361361894282005
[6, 3000] loss: 0.46416160252683913
[6, 4000] loss: 0.4645637450253564
[6, 5000] loss: 0.46506865790872043
[6, 6000] loss: 0.4649852065889659
[6, 7000] loss: 0.4643683054550784
[6, 8000] loss: 0.4639051160954974
[6, 9000] loss: 0.46392639733489743
[6, 10000] loss: 0.46575939272929623
[6, 11000] loss: 0.4626814726209244
[6, 12000] loss: 0.4642591895851211
[6, 13000] loss: 0.4627034547820501
[6, 14000] loss: 0.4638068563197043
[6, 15000] loss: 0.4633013204858425
[6, 16000] loss: 0.46433494952434373
[6, 17000] loss: 0.46365241550347874
[6, 18000] loss: 0.4630955573282154
[6, 19000] loss: 0.4638821203167589
[6, 20000] loss: 0.4630505522895942
[6, 21000] loss: 0.46479693948383044
[6, 22000] loss: 0.4633095060756101
[6, 23000] loss: 0.4639764524140972
[6, 24000] loss: 0.46650144396729326
[6, 25000] loss: 0.4651312679330217
[6, 26000] loss: 0.46451561811788006
[6, 27000] loss: 0.46154066205934074
[6, 28000] loss: 0.4648796845221753
[6, 29000] loss: 0.46507537445261193
[6, 30000] loss: 0.4647970099982407
[6, 31000] loss: 0.46577396802565607
[6, 32000] loss: 0.4656468361267546
[6, 33000] loss: 0.4610106145548045
[6, 34000] loss: 0.4620423438387872
[6, 35000] loss: 0.46413928038019187
[6, 36000] loss: 0.4661797096889782
[6, 37000] loss: 0.46399438232493595
[6, 38000] loss: 0.46315275393794975
[6, 39000] loss: 0.4627160540539458
[6, 40000] loss: 0.4645196976229599
[6, 41000] loss: 0.4624792221342177
[6, 42000] loss: 0.4650046816983009
[6, 43000] loss: 0.46437583316125636
[6, 44000] loss: 0.46598849953804977
[6, 45000] loss: 0.46482515109425726
[6, 46000] loss: 0.46308519070753756
[6, 47000] loss: 0.4630959659928781
[6, 48000] loss: 0.4642799252651615
[6, 49000] loss: 0.46525079282615994
[6, 50000] loss: 0.4640964879910561
[6, 51000] loss: 0.46286872788182176
[6, 52000] loss: 0.4634845798183831
[6, 53000] loss: 0.4644334460688244
[6, 54000] loss: 0.46400310251017535
[6, 55000] loss: 0.46346348245829677
[6, 56000] loss: 0.4651332677400615
[6, 57000] loss: 0.4649418979434707
[6, 58000] loss: 0.4631024955851796
[6, 59000] loss: 0.46355534865449183
[6, 60000] loss: 0.4647621257335761
[6, 61000] loss: 0.464413008460216
[6, 62000] loss: 0.4617820053209915
[6, 63000] loss: 0.4638312705995237
[6, 64000] loss: 0.46220173552887944
[6, 65000] loss: 0.4651314121662526
[6, 66000] loss: 0.4629921975895846
[6, 67000] loss: 0.46259060243771133
[6, 68000] loss: 0.46405697393368606
[6, 69000] loss: 0.46314867521943204
[6, 70000] loss: 0.46471272677940906
[6, 71000] loss: 0.46387266850651954
[6, 72000] loss: 0.4626215917849324
[6, 73000] loss: 0.4637752173462331
[6, 74000] loss: 0.46521358262380846
[6, 75000] loss: 0.4640489088265144
[6, 76000] loss: 0.46426894580054084
[6, 77000] loss: 0.4634881353325391
[6, 78000] loss: 0.46208780783898323
[6, 79000] loss: 0.4643448510554462
[6, 80000] loss: 0.464975136737062
[6, 81000] loss: 0.46252611348860173
[6, 82000] loss: 0.46541739962790285
[6, 83000] loss: 0.4633353755832692
[6, 84000] loss: 0.4625300105106638
[6, 85000] loss: 0.4643718009898285
[6, 86000] loss: 0.4645797394840844
[6, 87000] loss: 0.4639894866508272
[6, 88000] loss: 0.4613347344941273
[6, 89000] loss: 0.4642083823407856
[6, 90000] loss: 0.462497027309411
[6, 91000] loss: 0.4647651523864287
[6, 92000] loss: 0.4651255652130473
[6, 93000] loss: 0.4637700796588413
[6, 94000] loss: 0.4640554932027467
[6, 95000] loss: 0.46236636473244086
[6, 96000] loss: 0.46600254884945513
[6, 97000] loss: 0.4643439286613661
[6, 98000] loss: 0.4630909350418612
[6, 99000] loss: 0.46354824643885134
[6, 100000] loss: 0.4613924886686075
[6, 101000] loss: 0.46422326403537634
[6, 102000] loss: 0.46278560230546945
[6, 103000] loss: 0.46416556680941756
[6, 104000] loss: 0.46337423293296753
[6, 105000] loss: 0.4655471333404171
[6, 106000] loss: 0.46224353286946224
[6, 107000] loss: 0.4637375783284492
[6, 108000] loss: 0.46705750071351326
[6, 109000] loss: 0.4632779461488551
[6, 110000] loss: 0.461771638097929
[6, 111000] loss: 0.4618180658049751
[6, 112000] loss: 0.464250475189171
[6, 113000] loss: 0.46404705294074095
[6, 114000] loss: 0.462032384410369
[6, 115000] loss: 0.4670211085329225
[6, 116000] loss: 0.46122621939814784
[6, 117000] loss: 0.4604521325503475
[6, 118000] loss: 0.46493009018991716
[6, 119000] loss: 0.46290547228399387
[6, 120000] loss: 0.4629601915007167
[6, 121000] loss: 0.4637415198797655
[6, 122000] loss: 0.46365378854497835
[6, 123000] loss: 0.46317769691115135
[6, 124000] loss: 0.4635602525464678
[6, 125000] loss: 0.46518619901660635
[6, 126000] loss: 0.4631878976809339
[6, 127000] loss: 0.4644262207717096
[6, 128000] loss: 0.46404487806123357
[6, 129000] loss: 0.4632546707189053
[6, 130000] loss: 0.4646168244419702
[6, 131000] loss: 0.4644863457255108
[6, 132000] loss: 0.4636072702817091
[6, 133000] loss: 0.4643219707412339
[6, 134000] loss: 0.4640815523151774
[6, 135000] loss: 0.46532221406416113
[6, 136000] loss: 0.4638112299981771
[6, 137000] loss: 0.46298509947515304
[6, 138000] loss: 0.4611911895957653
[6, 139000] loss: 0.4646214477783612
[6, 140000] loss: 0.4636744582003783
[6, 141000] loss: 0.4656298618794483
[6, 142000] loss: 0.462479269365108
[6, 143000] loss: 0.4620863192450808
[6, 144000] loss: 0.4631598536406739
[6, 145000] loss: 0.46464700776413764
[6, 146000] loss: 0.4622188560269623
[6, 147000] loss: 0.46204430395291834
[6, 148000] loss: 0.4638823317537395
[6, 149000] loss: 0.46308599015314916
[6, 150000] loss: 0.46286968575242254
[6, 151000] loss: 0.46192765482213655
[6, 152000] loss: 0.464469909345024
[6, 153000] loss: 0.46350262645636625
[6, 154000] loss: 0.463477892274984
[6, 155000] loss: 0.4646546767955647
[6, 156000] loss: 0.46173248742908063
[6, 157000] loss: 0.46324793211292803
[6, 158000] loss: 0.4646412472250827
[6, 159000] loss: 0.46302106302279156
[6, 160000] loss: 0.46255932493848717
[6, 161000] loss: 0.46540542279038877
[6, 162000] loss: 0.46405791004350055
[6, 163000] loss: 0.4640614978928803
[6, 164000] loss: 0.4625918957350292
[6, 165000] loss: 0.4624631613327141
[6, 166000] loss: 0.4653191328386946
[6, 167000] loss: 0.46393141373018815
[6, 168000] loss: 0.46513683647223114
[6, 169000] loss: 0.46451676315817036
[6, 170000] loss: 0.46362592585162726
[6, 171000] loss: 0.46293312437047673
[6, 172000] loss: 0.464155589653601
[6, 173000] loss: 0.46325063147770174
[6, 174000] loss: 0.46184663179252833
[6, 175000] loss: 0.46153780121771365
[6, 176000] loss: 0.46254034824148593
[6, 177000] loss: 0.463191737656375
[6, 178000] loss: 0.4653372099246834
[6, 179000] loss: 0.4620605768208157
[6, 180000] loss: 0.4637556766955858
[6, 181000] loss: 0.4619677918561539
[6, 182000] loss: 0.46339470490343776
[6, 183000] loss: 0.46217040664151426
[6, 184000] loss: 0.46405762000676365
[7, 1000] loss: 0.4650146065892059
[7, 2000] loss: 0.463499204894208
[7, 3000] loss: 0.46268215611033614
[7, 4000] loss: 0.46263632390396664
[7, 5000] loss: 0.46241715194708677
[7, 6000] loss: 0.463710077296105
[7, 7000] loss: 0.463244842193678
[7, 8000] loss: 0.4628610362632472
[7, 9000] loss: 0.4651866013977741
[7, 10000] loss: 0.46211402975314003
[7, 11000] loss: 0.46127191342586826
[7, 12000] loss: 0.46390780322100206
[7, 13000] loss: 0.465462554570703
[7, 14000] loss: 0.4630959374950624
[7, 15000] loss: 0.46282572622158363
[7, 16000] loss: 0.46487881698675276
[7, 17000] loss: 0.4628345678263191
[7, 18000] loss: 0.46219113479966856
[7, 19000] loss: 0.46410757401646163
[7, 20000] loss: 0.4654142826608468
[7, 21000] loss: 0.46217256121942174
[7, 22000] loss: 0.46328753050300836
[7, 23000] loss: 0.46576004921376163
[7, 24000] loss: 0.46485986457639933
[7, 25000] loss: 0.46431219422623204
[7, 26000] loss: 0.46185935370884434
[7, 27000] loss: 0.4657039778964011
[7, 28000] loss: 0.4595900232880349
[7, 29000] loss: 0.4623361174505377
[7, 30000] loss: 0.4627279551018577
[7, 31000] loss: 0.46213174547815716
[7, 32000] loss: 0.46409587968299626
[7, 33000] loss: 0.46280548896278867
[7, 34000] loss: 0.46369936482790314
[7, 35000] loss: 0.4618405756641521
[7, 36000] loss: 0.4624752395658295
[7, 37000] loss: 0.46292445083768985
[7, 38000] loss: 0.46289294755963983
[7, 39000] loss: 0.46256650572361113
[7, 40000] loss: 0.4633121362036841
[7, 41000] loss: 0.46455036320310605
[7, 42000] loss: 0.4604117566111393
[7, 43000] loss: 0.4626453242267076
[7, 44000] loss: 0.46536266294201634
[7, 45000] loss: 0.4629825201556138
[7, 46000] loss: 0.46309517380419424
[7, 47000] loss: 0.46270650106503575
[7, 48000] loss: 0.46204416695579675
[7, 49000] loss: 0.4658207090599131
[7, 50000] loss: 0.4600358563002032
[7, 51000] loss: 0.4636828724048593
[7, 52000] loss: 0.46074877117638274
[7, 53000] loss: 0.46234184646206494
[7, 54000] loss: 0.4624257940804851
[7, 55000] loss: 0.46518590366725865
[7, 56000] loss: 0.46320450671083263
[7, 57000] loss: 0.4620174241140512
[7, 58000] loss: 0.4645632487703173
[7, 59000] loss: 0.46165047905213347
[7, 60000] loss: 0.46247350655914565
[7, 61000] loss: 0.46528166334540716
[7, 62000] loss: 0.46423610713410046
[7, 63000] loss: 0.4626782633514615
[7, 64000] loss: 0.4620634271101058
[7, 65000] loss: 0.4611498273592934
[7, 66000] loss: 0.4626153759218252
[7, 67000] loss: 0.4666632703648809
[7, 68000] loss: 0.46416908949396435
[7, 69000] loss: 0.4633557093871976
[7, 70000] loss: 0.4623036794917574
[7, 71000] loss: 0.4657703349980824
[7, 72000] loss: 0.4635394399684811
[7, 73000] loss: 0.4627661833593551
[7, 74000] loss: 0.46305570768911347
[7, 75000] loss: 0.46426926592861884
[7, 76000] loss: 0.46377045611364826
[7, 77000] loss: 0.4623338027717417
[7, 78000] loss: 0.46378744346245043
[7, 79000] loss: 0.46252691129013923
[7, 80000] loss: 0.46334875934302694
[7, 81000] loss: 0.4641404067831902
[7, 82000] loss: 0.46212218675976985
[7, 83000] loss: 0.4620234192475873
[7, 84000] loss: 0.46537422569512293
[7, 85000] loss: 0.4638084665061996
[7, 86000] loss: 0.4632701324394502
[7, 87000] loss: 0.4635658230233454
[7, 88000] loss: 0.4615966150238941
[7, 89000] loss: 0.4638536720720567
[7, 90000] loss: 0.4658084871309914
[7, 91000] loss: 0.46025630285502034
[7, 92000] loss: 0.4649833750486072
[7, 93000] loss: 0.46168212925694363
[7, 94000] loss: 0.463006522567256
[7, 95000] loss: 0.4633096689107901
[7, 96000] loss: 0.46307334867644945
[7, 97000] loss: 0.4623692085770022
[7, 98000] loss: 0.46359359208626266
[7, 99000] loss: 0.4626615771155422
[7, 100000] loss: 0.4616007957185513
[7, 101000] loss: 0.4646613418972973
[7, 102000] loss: 0.46248639795566704
[7, 103000] loss: 0.46546242911491087
[7, 104000] loss: 0.46476772910439973
[7, 105000] loss: 0.46195042373206
[7, 106000] loss: 0.4621644170321658
[7, 107000] loss: 0.46341107137579773
[7, 108000] loss: 0.4619867088767663
[7, 109000] loss: 0.4636854878449675
[7, 110000] loss: 0.46245616610406237
[7, 111000] loss: 0.46438570032423615
[7, 112000] loss: 0.46272139616224317
[7, 113000] loss: 0.46308698894141753
[7, 114000] loss: 0.46249849947655075
[7, 115000] loss: 0.46199055863133565
[7, 116000] loss: 0.4652415279958538
[7, 117000] loss: 0.4649036983977228
[7, 118000] loss: 0.4646423744447662
[7, 119000] loss: 0.4633467529569119
[7, 120000] loss: 0.46247540966930056
[7, 121000] loss: 0.4661176281533272
[7, 122000] loss: 0.46120951829254786
[7, 123000] loss: 0.4612689998702952
[7, 124000] loss: 0.4642183357180462
[7, 125000] loss: 0.46434413632864646
[7, 126000] loss: 0.4649154064704043
[7, 127000] loss: 0.46098616903256406
[7, 128000] loss: 0.46202738183434094
[7, 129000] loss: 0.4621753632804878
[7, 130000] loss: 0.46307983215086607
[7, 131000] loss: 0.4617817692846935
[7, 132000] loss: 0.4656522928570088
[7, 133000] loss: 0.46177097896123526
[7, 134000] loss: 0.46204734630743216
[7, 135000] loss: 0.46159589477039215
[7, 136000] loss: 0.4654942712764983
[7, 137000] loss: 0.46377040988025847
[7, 138000] loss: 0.4663972882527119
[7, 139000] loss: 0.46269278193981517
[7, 140000] loss: 0.4639428502798
