1-3000-5-0
0.0
0.47222900390625,0.313045927958136,0.880512,0.615814839055156,0.4339867495389666,0.3287700010503838,0.09690975922223005,0.09258676652266251
1-6000-176-180
0.9749753457623667
0.39678955078125,0.320361885891378,0.48883199999999993,0.225977271375022,0.28153814630148344,0.16491019222016,0.22880473174410992,0.18706117970242753
1-6000-299-163
0.9901048069637977
0.46417236328125,0.19477127470405897,0.7576320000000001,0.415898137680728,0.8044532477289801,0.29011589230069,0.028519773470145005,0.2010573890623925
2-6000-1266-0
0.9180797826189608
0.7758178710937467,0.12958812172941103,0.340416,0.831260784197061,0.5785186059074467,0.15178039984594377,0.22819410687132508,0.24684433053767252
2-9000-407-0
0.9442485050601904
0.9691772460937467,0.12775913224610103,0.559296,0.469268757065508,0.1637183252510066,0.15724239347361751,0.16224662061038492,0.19960712394779
3-3000-3629-155
0.9625703613136564
0.26187133789062533,0.410253331978526,0.9690368,0.555669831447781,0.5329616084345967,0.3339518924407413,0.14944744435530993,0.11913659348838751
3-6000-2430-0
0.9123113328681633
0.9465637207031266,0.286271554133008,0.7632768000000001,0.603090549005941,0.3826303469087433,0.35303385735793624,0.051328408424229977,0.24859385670766748
3-6000-2674-144
0.983855073060665
0.9363098144531266,0.236956578434859,0.8707967999999999,0.330347049273687,0.5449143439034834,0.31437974860824247,0.06253517079536985,0.490028468167065
3-6000-2912-185
0.9932567588613854
0.7286682128906267,0.15922452539416398,0.8266368,0.587739802293262,0.55925762646615,0.25156682188999,0.23961638390345003,0.2991919951504375
3-6000-3578-6
0.9921370517051742
0.8568420410156266,0.160748683296923,0.8423808,0.812289097229896,0.4752469714562468,0.20471972269878502,0.20664264077297995,0.1810989786757325
4-6000-4012-0
0.8277815263443755
0.5801696777343747,0.22811646259885898,0.7982208,0.377113277630919,0.23714848091598334,0.3217324323378038,0.12137067324385498,0.15398132304079998
4-6000-5213-154
0.9899609548419568
0.9738464355468734,0.195093041372419,0.7509888,0.968652517233466,0.5867892779305934,0.20300678978596376,0.0932819290956749,0.38303113082312246
